C:\Selenium\tools\archetype\Se-Java-17-TyurinOK>mvn test -P firefox_local -X
Apache Maven 3.3.9 (bb52d8502b132ec0a5a3f4c09453c07478323dc5; 2015-11-10T19:41:47+03:00)
Maven home: c:\Selenium\tools\apache-maven-3.3.9\bin\..
Java version: 1.8.0_60, vendor: Oracle Corporation
Java home: C:\Program Files\Java\jdk1.8.0_60\jre
Default locale: ru_RU, platform encoding: Cp1251
OS name: "windows 10", version: "10.0", arch: "amd64", family: "dos"
[DEBUG] Created new class realm maven.api
[DEBUG] Importing foreign packages into class realm maven.api
[DEBUG]   Imported: javax.enterprise.inject.* < plexus.core
[DEBUG]   Imported: javax.enterprise.util.* < plexus.core
[DEBUG]   Imported: javax.inject.* < plexus.core
[DEBUG]   Imported: org.apache.maven.* < plexus.core
[DEBUG]   Imported: org.apache.maven.artifact < plexus.core
[DEBUG]   Imported: org.apache.maven.classrealm < plexus.core
[DEBUG]   Imported: org.apache.maven.cli < plexus.core
[DEBUG]   Imported: org.apache.maven.configuration < plexus.core
[DEBUG]   Imported: org.apache.maven.exception < plexus.core
[DEBUG]   Imported: org.apache.maven.execution < plexus.core
[DEBUG]   Imported: org.apache.maven.execution.scope < plexus.core
[DEBUG]   Imported: org.apache.maven.lifecycle < plexus.core
[DEBUG]   Imported: org.apache.maven.model < plexus.core
[DEBUG]   Imported: org.apache.maven.monitor < plexus.core
[DEBUG]   Imported: org.apache.maven.plugin < plexus.core
[DEBUG]   Imported: org.apache.maven.profiles < plexus.core
[DEBUG]   Imported: org.apache.maven.project < plexus.core
[DEBUG]   Imported: org.apache.maven.reporting < plexus.core
[DEBUG]   Imported: org.apache.maven.repository < plexus.core
[DEBUG]   Imported: org.apache.maven.rtinfo < plexus.core
[DEBUG]   Imported: org.apache.maven.settings < plexus.core
[DEBUG]   Imported: org.apache.maven.toolchain < plexus.core
[DEBUG]   Imported: org.apache.maven.usability < plexus.core
[DEBUG]   Imported: org.apache.maven.wagon.* < plexus.core
[DEBUG]   Imported: org.apache.maven.wagon.authentication < plexus.core
[DEBUG]   Imported: org.apache.maven.wagon.authorization < plexus.core
[DEBUG]   Imported: org.apache.maven.wagon.events < plexus.core
[DEBUG]   Imported: org.apache.maven.wagon.observers < plexus.core
[DEBUG]   Imported: org.apache.maven.wagon.proxy < plexus.core
[DEBUG]   Imported: org.apache.maven.wagon.repository < plexus.core
[DEBUG]   Imported: org.apache.maven.wagon.resource < plexus.core
[DEBUG]   Imported: org.codehaus.classworlds < plexus.core
[DEBUG]   Imported: org.codehaus.plexus.* < plexus.core
[DEBUG]   Imported: org.codehaus.plexus.classworlds < plexus.core
[DEBUG]   Imported: org.codehaus.plexus.component < plexus.core
[DEBUG]   Imported: org.codehaus.plexus.configuration < plexus.core
[DEBUG]   Imported: org.codehaus.plexus.container < plexus.core
[DEBUG]   Imported: org.codehaus.plexus.context < plexus.core
[DEBUG]   Imported: org.codehaus.plexus.lifecycle < plexus.core
[DEBUG]   Imported: org.codehaus.plexus.logging < plexus.core
[DEBUG]   Imported: org.codehaus.plexus.personality < plexus.core
[DEBUG]   Imported: org.codehaus.plexus.util.xml.Xpp3Dom < plexus.core
[DEBUG]   Imported: org.codehaus.plexus.util.xml.pull.XmlPullParser < plexus.core
[DEBUG]   Imported: org.codehaus.plexus.util.xml.pull.XmlPullParserException < plexus.core
[DEBUG]   Imported: org.codehaus.plexus.util.xml.pull.XmlSerializer < plexus.core
[DEBUG]   Imported: org.eclipse.aether.* < plexus.core
[DEBUG]   Imported: org.eclipse.aether.artifact < plexus.core
[DEBUG]   Imported: org.eclipse.aether.collection < plexus.core
[DEBUG]   Imported: org.eclipse.aether.deployment < plexus.core
[DEBUG]   Imported: org.eclipse.aether.graph < plexus.core
[DEBUG]   Imported: org.eclipse.aether.impl < plexus.core
[DEBUG]   Imported: org.eclipse.aether.installation < plexus.core
[DEBUG]   Imported: org.eclipse.aether.internal.impl < plexus.core
[DEBUG]   Imported: org.eclipse.aether.metadata < plexus.core
[DEBUG]   Imported: org.eclipse.aether.repository < plexus.core
[DEBUG]   Imported: org.eclipse.aether.resolution < plexus.core
[DEBUG]   Imported: org.eclipse.aether.spi < plexus.core
[DEBUG]   Imported: org.eclipse.aether.transfer < plexus.core
[DEBUG]   Imported: org.eclipse.aether.version < plexus.core
[DEBUG]   Imported: org.slf4j.* < plexus.core
[DEBUG]   Imported: org.slf4j.helpers.* < plexus.core
[DEBUG]   Imported: org.slf4j.spi.* < plexus.core
[DEBUG] Populating class realm maven.api
[INFO] Error stacktraces are turned on.
[DEBUG] Reading global settings from c:\Selenium\tools\apache-maven-3.3.9\bin\..\conf\settings.xml
[DEBUG] Reading user settings from C:\Users\ok.tyurin\.m2\settings.xml
[DEBUG] Reading global toolchains from c:\Selenium\tools\apache-maven-3.3.9\bin\..\conf\toolchains.xml
[DEBUG] Reading user toolchains from C:\Users\ok.tyurin\.m2\toolchains.xml
[DEBUG] Using local repository at C:\Users\ok.tyurin\.m2\repository
[DEBUG] Using manager EnhancedLocalRepositoryManager with priority 10.0 for C:\Users\ok.tyurin\.m2\repository
[INFO] Scanning for projects...
[DEBUG] Extension realms for project ru.st.selenium:java.selenium.training:jar:1.0-SNAPSHOT: (none)
[DEBUG] Looking up lifecyle mappings for packaging jar from ClassRealm[plexus.core, parent: null]
[DEBUG] === REACTOR BUILD PLAN ================================================
[DEBUG] Project: ru.st.selenium:java.selenium.training:jar:1.0-SNAPSHOT
[DEBUG] Tasks:   [test]
[DEBUG] Style:   Regular
[DEBUG] =======================================================================
[INFO]
[INFO] ------------------------------------------------------------------------
[INFO] Building java.selenium.training 1.0-SNAPSHOT
[INFO] ------------------------------------------------------------------------
[DEBUG] Lifecycle default -> [validate, initialize, generate-sources, process-sources, generate-resources, process-resources, compile, process-classes, generate-test-sources, process-test-sources, generate-test-resources, process-test-resources, test-compile, process-test-classes, test, prepare-package, package, pre-integration-test, integration-test, post-integration-test, verify, install, deploy]
[DEBUG] Lifecycle clean -> [pre-clean, clean, post-clean]
[DEBUG] Lifecycle site -> [pre-site, site, post-site, site-deploy]
[DEBUG] Lifecycle default -> [validate, initialize, generate-sources, process-sources, generate-resources, process-resources, compile, process-classes, generate-test-sources, process-test-sources, generate-test-resources, process-test-resources, test-compile, process-test-classes, test, prepare-package, package, pre-integration-test, integration-test, post-integration-test, verify, install, deploy]
[DEBUG] Lifecycle clean -> [pre-clean, clean, post-clean]
[DEBUG] Lifecycle site -> [pre-site, site, post-site, site-deploy]
[DEBUG] Lifecycle default -> [validate, initialize, generate-sources, process-sources, generate-resources, process-resources, compile, process-classes, generate-test-sources, process-test-sources, generate-test-resources, process-test-resources, test-compile, process-test-classes, test, prepare-package, package, pre-integration-test, integration-test, post-integration-test, verify, install, deploy]
[DEBUG] Lifecycle clean -> [pre-clean, clean, post-clean]
[DEBUG] Lifecycle site -> [pre-site, site, post-site, site-deploy]
[DEBUG] Lifecycle default -> [validate, initialize, generate-sources, process-sources, generate-resources, process-resources, compile, process-classes, generate-test-sources, process-test-sources, generate-test-resources, process-test-resources, test-compile, process-test-classes, test, prepare-package, package, pre-integration-test, integration-test, post-integration-test, verify, install, deploy]
[DEBUG] Lifecycle clean -> [pre-clean, clean, post-clean]
[DEBUG] Lifecycle site -> [pre-site, site, post-site, site-deploy]
[DEBUG] Lifecycle default -> [validate, initialize, generate-sources, process-sources, generate-resources, process-resources, compile, process-classes, generate-test-sources, process-test-sources, generate-test-resources, process-test-resources, test-compile, process-test-classes, test, prepare-package, package, pre-integration-test, integration-test, post-integration-test, verify, install, deploy]
[DEBUG] Lifecycle clean -> [pre-clean, clean, post-clean]
[DEBUG] Lifecycle site -> [pre-site, site, post-site, site-deploy]
[DEBUG] Lifecycle default -> [validate, initialize, generate-sources, process-sources, generate-resources, process-resources, compile, process-classes, generate-test-sources, process-test-sources, generate-test-resources, process-test-resources, test-compile, process-test-classes, test, prepare-package, package, pre-integration-test, integration-test, post-integration-test, verify, install, deploy]
[DEBUG] Lifecycle clean -> [pre-clean, clean, post-clean]
[DEBUG] Lifecycle site -> [pre-site, site, post-site, site-deploy]
[DEBUG] === PROJECT BUILD PLAN ================================================
[DEBUG] Project:       ru.st.selenium:java.selenium.training:1.0-SNAPSHOT
[DEBUG] Dependencies (collect): []
[DEBUG] Dependencies (resolve): [compile, test]
[DEBUG] Repositories (dependencies): [central (https://repo.maven.apache.org/maven2, default, releases)]
[DEBUG] Repositories (plugins)     : [central (https://repo.maven.apache.org/maven2, default, releases)]
[DEBUG] -----------------------------------------------------------------------
[DEBUG] Goal:          org.apache.maven.plugins:maven-resources-plugin:2.6:resources (default-resources)
[DEBUG] Style:         Regular
[DEBUG] Configuration: <?xml version="1.0" encoding="UTF-8"?>
<configuration>
  <buildFilters default-value="${project.build.filters}"/>
  <encoding default-value="${project.build.sourceEncoding}">UTF-8</encoding>
  <escapeString>${maven.resources.escapeString}</escapeString>
  <escapeWindowsPaths default-value="true">${maven.resources.escapeWindowsPaths}</escapeWindowsPaths>
  <includeEmptyDirs default-value="false">${maven.resources.includeEmptyDirs}</includeEmptyDirs>
  <outputDirectory default-value="${project.build.outputDirectory}"/>
  <overwrite default-value="false">${maven.resources.overwrite}</overwrite>
  <project default-value="${project}"/>
  <resources default-value="${project.resources}"/>
  <session default-value="${session}"/>
  <supportMultiLineFiltering default-value="false">${maven.resources.supportMultiLineFiltering}</supportMultiLineFiltering>
  <useBuildFilters default-value="true"/>
  <useDefaultDelimiters default-value="true"/>
</configuration>
[DEBUG] -----------------------------------------------------------------------
[DEBUG] Goal:          org.apache.maven.plugins:maven-compiler-plugin:3.1:compile (default-compile)
[DEBUG] Style:         Regular
[DEBUG] Configuration: <?xml version="1.0" encoding="UTF-8"?>
<configuration>
  <basedir default-value="${basedir}"/>
  <buildDirectory default-value="${project.build.directory}"/>
  <classpathElements default-value="${project.compileClasspathElements}"/>
  <compileSourceRoots default-value="${project.compileSourceRoots}"/>
  <compilerId default-value="javac">${maven.compiler.compilerId}</compilerId>
  <compilerReuseStrategy default-value="${reuseCreated}">${maven.compiler.compilerReuseStrategy}</compilerReuseStrategy>
  <compilerVersion>${maven.compiler.compilerVersion}</compilerVersion>
  <debug default-value="true">${maven.compiler.debug}</debug>
  <debuglevel>${maven.compiler.debuglevel}</debuglevel>
  <encoding default-value="${project.build.sourceEncoding}">${encoding}</encoding>
  <executable>${maven.compiler.executable}</executable>
  <failOnError default-value="true">${maven.compiler.failOnError}</failOnError>
  <forceJavacCompilerUse default-value="false">${maven.compiler.forceJavacCompilerUse}</forceJavacCompilerUse>
  <fork default-value="false">${maven.compiler.fork}</fork>
  <generatedSourcesDirectory default-value="${project.build.directory}/generated-sources/annotations"/>
  <maxmem>${maven.compiler.maxmem}</maxmem>
  <meminitial>${maven.compiler.meminitial}</meminitial>
  <mojoExecution>${mojoExecution}</mojoExecution>
  <optimize default-value="false">${maven.compiler.optimize}</optimize>
  <outputDirectory default-value="${project.build.outputDirectory}"/>
  <projectArtifact default-value="${project.artifact}"/>
  <showDeprecation default-value="false">${maven.compiler.showDeprecation}</showDeprecation>
  <showWarnings default-value="false">${maven.compiler.showWarnings}</showWarnings>
  <skipMain>${maven.main.skip}</skipMain>
  <skipMultiThreadWarning default-value="false">${maven.compiler.skipMultiThreadWarning}</skipMultiThreadWarning>
  <source default-value="1.5">1.6</source>
  <staleMillis default-value="0">${lastModGranularityMs}</staleMillis>
  <target default-value="1.5">1.6</target>
  <useIncrementalCompilation default-value="true">${maven.compiler.useIncrementalCompilation}</useIncrementalCompilation>
  <verbose default-value="false">${maven.compiler.verbose}</verbose>
  <mavenSession default-value="${session}"/>
  <session default-value="${session}"/>
</configuration>
[DEBUG] -----------------------------------------------------------------------
[DEBUG] Goal:          org.apache.maven.plugins:maven-resources-plugin:2.6:testResources (default-testResources)
[DEBUG] Style:         Regular
[DEBUG] Configuration: <?xml version="1.0" encoding="UTF-8"?>
<configuration>
  <buildFilters default-value="${project.build.filters}"/>
  <encoding default-value="${project.build.sourceEncoding}">UTF-8</encoding>
  <escapeString>${maven.resources.escapeString}</escapeString>
  <escapeWindowsPaths default-value="true">${maven.resources.escapeWindowsPaths}</escapeWindowsPaths>
  <includeEmptyDirs default-value="false">${maven.resources.includeEmptyDirs}</includeEmptyDirs>
  <outputDirectory default-value="${project.build.testOutputDirectory}"/>
  <overwrite default-value="false">${maven.resources.overwrite}</overwrite>
  <project default-value="${project}"/>
  <resources default-value="${project.testResources}"/>
  <session default-value="${session}"/>
  <skip>${maven.test.skip}</skip>
  <supportMultiLineFiltering default-value="false">${maven.resources.supportMultiLineFiltering}</supportMultiLineFiltering>
  <useBuildFilters default-value="true"/>
  <useDefaultDelimiters default-value="true"/>
</configuration>
[DEBUG] -----------------------------------------------------------------------
[DEBUG] Goal:          org.apache.maven.plugins:maven-compiler-plugin:3.1:testCompile (default-testCompile)
[DEBUG] Style:         Regular
[DEBUG] Configuration: <?xml version="1.0" encoding="UTF-8"?>
<configuration>
  <basedir default-value="${basedir}"/>
  <buildDirectory default-value="${project.build.directory}"/>
  <classpathElements default-value="${project.testClasspathElements}"/>
  <compileSourceRoots default-value="${project.testCompileSourceRoots}"/>
  <compilerId default-value="javac">${maven.compiler.compilerId}</compilerId>
  <compilerReuseStrategy default-value="${reuseCreated}">${maven.compiler.compilerReuseStrategy}</compilerReuseStrategy>
  <compilerVersion>${maven.compiler.compilerVersion}</compilerVersion>
  <debug default-value="true">${maven.compiler.debug}</debug>
  <debuglevel>${maven.compiler.debuglevel}</debuglevel>
  <encoding default-value="${project.build.sourceEncoding}">${encoding}</encoding>
  <executable>${maven.compiler.executable}</executable>
  <failOnError default-value="true">${maven.compiler.failOnError}</failOnError>
  <forceJavacCompilerUse default-value="false">${maven.compiler.forceJavacCompilerUse}</forceJavacCompilerUse>
  <fork default-value="false">${maven.compiler.fork}</fork>
  <generatedTestSourcesDirectory default-value="${project.build.directory}/generated-test-sources/test-annotations"/>
  <maxmem>${maven.compiler.maxmem}</maxmem>
  <meminitial>${maven.compiler.meminitial}</meminitial>
  <mojoExecution>${mojoExecution}</mojoExecution>
  <optimize default-value="false">${maven.compiler.optimize}</optimize>
  <outputDirectory default-value="${project.build.testOutputDirectory}"/>
  <showDeprecation default-value="false">${maven.compiler.showDeprecation}</showDeprecation>
  <showWarnings default-value="false">${maven.compiler.showWarnings}</showWarnings>
  <skip>${maven.test.skip}</skip>
  <skipMultiThreadWarning default-value="false">${maven.compiler.skipMultiThreadWarning}</skipMultiThreadWarning>
  <source default-value="1.5">1.6</source>
  <staleMillis default-value="0">${lastModGranularityMs}</staleMillis>
  <target default-value="1.5">1.6</target>
  <testSource>${maven.compiler.testSource}</testSource>
  <testTarget>${maven.compiler.testTarget}</testTarget>
  <useIncrementalCompilation default-value="true">${maven.compiler.useIncrementalCompilation}</useIncrementalCompilation>
  <verbose default-value="false">${maven.compiler.verbose}</verbose>
  <mavenSession default-value="${session}"/>
  <session default-value="${session}"/>
</configuration>
[DEBUG] -----------------------------------------------------------------------
[DEBUG] Goal:          org.apache.maven.plugins:maven-surefire-plugin:2.16:test (default-test)
[DEBUG] Style:         Regular
[DEBUG] Configuration: <?xml version="1.0" encoding="UTF-8"?>
<configuration>
  <additionalClasspathElements>${maven.test.additionalClasspath}</additionalClasspathElements>
  <argLine>${argLine}</argLine>
  <basedir default-value="${basedir}"/>
  <childDelegation default-value="false">${childDelegation}</childDelegation>
  <classesDirectory default-value="${project.build.outputDirectory}"/>
  <classpathDependencyExcludes>${maven.test.dependency.excludes}</classpathDependencyExcludes>
  <debugForkedProcess>${maven.surefire.debug}</debugForkedProcess>
  <dependenciesToScan>${dependenciesToScan}</dependenciesToScan>
  <disableXmlReport default-value="false">${disableXmlReport}</disableXmlReport>
  <enableAssertions default-value="true">${enableAssertions}</enableAssertions>
  <excludedGroups>${excludedGroups}</excludedGroups>
  <failIfNoSpecifiedTests>${surefire.failIfNoSpecifiedTests}</failIfNoSpecifiedTests>
  <failIfNoTests>${failIfNoTests}</failIfNoTests>
  <forkCount default-value="1">${forkCount}</forkCount>
  <forkMode default-value="once">${forkMode}</forkMode>
  <forkedProcessTimeoutInSeconds>${surefire.timeout}</forkedProcessTimeoutInSeconds>
  <groups>${groups}</groups>
  <junitArtifactName default-value="junit:junit">${junitArtifactName}</junitArtifactName>
  <jvm>${jvm}</jvm>
  <localRepository default-value="${localRepository}"/>
  <objectFactory>${objectFactory}</objectFactory>
  <parallel>${parallel}</parallel>
  <parallelMavenExecution default-value="${session.parallel}"/>
  <parallelTestsTimeoutForcedInSeconds>${surefire.parallel.forcedTimeout}</parallelTestsTimeoutForcedInSeconds>
  <parallelTestsTimeoutInSeconds>${surefire.parallel.timeout}</parallelTestsTimeoutInSeconds>
  <perCoreThreadCount default-value="true">${perCoreThreadCount}</perCoreThreadCount>
  <pluginArtifactMap>${plugin.artifactMap}</pluginArtifactMap>
  <pluginDescriptor default-value="${plugin}"/>
  <printSummary default-value="true">${surefire.printSummary}</printSummary>
  <projectArtifactMap>${project.artifactMap}</projectArtifactMap>
  <redirectTestOutputToFile default-value="false">${maven.test.redirectTestOutputToFile}</redirectTestOutputToFile>
  <remoteRepositories default-value="${project.pluginArtifactRepositories}"/>
  <reportFormat default-value="brief">${surefire.reportFormat}</reportFormat>
  <reportNameSuffix default-value="">${surefire.reportNameSuffix}</reportNameSuffix>
  <reportsDirectory default-value="${project.build.directory}/surefire-reports"/>
  <reuseForks default-value="true">${reuseForks}</reuseForks>
  <runOrder default-value="filesystem"/>
  <skip default-value="false">${maven.test.skip}</skip>
  <skipExec>${maven.test.skip.exec}</skipExec>
  <skipTests default-value="false">${skipTests}</skipTests>
  <suiteXmlFiles>
    <suiteXmlFile>src/test/resources/testng.xml</suiteXmlFile>
  </suiteXmlFiles>
  <test>${test}</test>
  <testClassesDirectory default-value="${project.build.testOutputDirectory}"/>
  <testFailureIgnore default-value="false">${maven.test.failure.ignore}</testFailureIgnore>
  <testNGArtifactName default-value="org.testng:testng">${testNGArtifactName}</testNGArtifactName>
  <testSourceDirectory default-value="${project.build.testSourceDirectory}"/>
  <threadCount>${threadCount}</threadCount>
  <threadCountClasses default-value="0">${threadCountClasses}</threadCountClasses>
  <threadCountMethods default-value="0">${threadCountMethods}</threadCountMethods>
  <threadCountSuites default-value="0">${threadCountSuites}</threadCountSuites>
  <trimStackTrace default-value="true">${trimStackTrace}</trimStackTrace>
  <useFile default-value="true">${surefire.useFile}</useFile>
  <useManifestOnlyJar default-value="true">${surefire.useManifestOnlyJar}</useManifestOnlyJar>
  <useSystemClassLoader default-value="true">${surefire.useSystemClassLoader}</useSystemClassLoader>
  <useUnlimitedThreads default-value="false">${useUnlimitedThreads}</useUnlimitedThreads>
  <workingDirectory>${basedir}</workingDirectory>
  <project default-value="${project}"/>
  <session default-value="${session}"/>
</configuration>
[DEBUG] =======================================================================
[DEBUG] Dependency collection stats: {ConflictMarker.analyzeTime=3, ConflictMarker.markTime=1, ConflictMarker.nodeCount=201, ConflictIdSorter.graphTime=2, ConflictIdSorter.topsortTime=1, ConflictIdSorter.conflictIdCount=60, ConflictIdSorter.conflictIdCycleCount=0, ConflictResolver.totalTime=16, ConflictResolver.conflictItemCount=88, DefaultDependencyCollector.collectTime=1369, DefaultDependencyCollector.transformTime=27}
[DEBUG] ru.st.selenium:java.selenium.training:jar:1.0-SNAPSHOT
[DEBUG]    org.testng:testng:jar:6.9.4:compile
[DEBUG]       org.beanshell:bsh:jar:2.0b4:compile
[DEBUG]       com.beust:jcommander:jar:1.48:compile
[DEBUG]    junit:junit:jar:4.12:compile
[DEBUG]       org.hamcrest:hamcrest-core:jar:1.3:compile
[DEBUG]    ru.stqa.selenium:webdriver-factory:jar:1.1.51:compile
[DEBUG]       org.seleniumhq.selenium:selenium-java:jar:2.51.0:compile
[DEBUG]          org.seleniumhq.selenium:selenium-chrome-driver:jar:2.51.0:compile
[DEBUG]             org.seleniumhq.selenium:selenium-remote-driver:jar:2.51.0:compile
[DEBUG]                cglib:cglib-nodep:jar:2.1_3:compile
[DEBUG]                com.google.code.gson:gson:jar:2.3.1:compile
[DEBUG]                org.seleniumhq.selenium:selenium-api:jar:2.51.0:compile
[DEBUG]                com.google.guava:guava:jar:19.0:compile
[DEBUG]          org.seleniumhq.selenium:selenium-edge-driver:jar:2.51.0:compile
[DEBUG]             commons-io:commons-io:jar:2.4:compile
[DEBUG]             org.apache.commons:commons-exec:jar:1.3:compile
[DEBUG]          org.seleniumhq.selenium:selenium-htmlunit-driver:jar:2.51.0:compile
[DEBUG]             net.sourceforge.htmlunit:htmlunit:jar:2.18:compile
[DEBUG]                xalan:xalan:jar:2.7.2:compile
[DEBUG]                   xalan:serializer:jar:2.7.2:compile
[DEBUG]                org.apache.commons:commons-lang3:jar:3.4:compile
[DEBUG]                org.apache.httpcomponents:httpmime:jar:4.5:compile
[DEBUG]                net.sourceforge.htmlunit:htmlunit-core-js:jar:2.17:compile
[DEBUG]                xerces:xercesImpl:jar:2.11.0:compile
[DEBUG]                   xml-apis:xml-apis:jar:1.4.01:compile
[DEBUG]                net.sourceforge.nekohtml:nekohtml:jar:1.9.22:compile
[DEBUG]                net.sourceforge.cssparser:cssparser:jar:0.9.16:compile
[DEBUG]                   org.w3c.css:sac:jar:1.3:compile
[DEBUG]                commons-logging:commons-logging:jar:1.2:compile
[DEBUG]                org.eclipse.jetty.websocket:websocket-client:jar:9.2.12.v20150709:compile
[DEBUG]                   org.eclipse.jetty:jetty-util:jar:9.2.12.v20150709:compile
[DEBUG]                   org.eclipse.jetty:jetty-io:jar:9.2.12.v20150709:compile
[DEBUG]                   org.eclipse.jetty.websocket:websocket-common:jar:9.2.12.v20150709:compile
[DEBUG]                      org.eclipse.jetty.websocket:websocket-api:jar:9.2.12.v20150709:compile
[DEBUG]             commons-collections:commons-collections:jar:3.2.2:compile
[DEBUG]             org.apache.httpcomponents:httpclient:jar:4.5.1:compile
[DEBUG]                org.apache.httpcomponents:httpcore:jar:4.4.3:compile
[DEBUG]          org.seleniumhq.selenium:selenium-firefox-driver:jar:2.51.0:compile
[DEBUG]          org.seleniumhq.selenium:selenium-ie-driver:jar:2.51.0:compile
[DEBUG]             net.java.dev.jna:jna:jar:4.1.0:compile
[DEBUG]             net.java.dev.jna:jna-platform:jar:4.1.0:compile
[DEBUG]          org.seleniumhq.selenium:selenium-safari-driver:jar:2.51.0:compile
[DEBUG]          org.seleniumhq.selenium:selenium-support:jar:2.51.0:compile
[DEBUG]          org.webbitserver:webbit:jar:0.4.14:compile
[DEBUG]             io.netty:netty:jar:3.5.2.Final:compile
[DEBUG]          org.seleniumhq.selenium:selenium-leg-rc:jar:2.51.0:compile
[DEBUG]       com.codeborne:phantomjsdriver:jar:1.2.1:compile
[DEBUG]       org.seleniumhq.selenium:selenium-server:jar:2.47.1:compile
[DEBUG]          org.bouncycastle:bcprov-jdk15on:jar:1.48:compile
[DEBUG]          org.bouncycastle:bcpkix-jdk15on:jar:1.48:compile
[DEBUG]          mx4j:mx4j-tools:jar:3.0.1:compile
[DEBUG]          org.mortbay.jetty:servlet-api-2.5:jar:6.1.9:compile
[DEBUG]          org.seleniumhq.selenium:jetty-repacked:jar:7.6.1:compile
[DEBUG]          org.seleniumhq.selenium:jetty-rc-repacked:jar:5:compile
[DEBUG]          net.jcip:jcip-annotations:jar:1.0:compile
[DEBUG]          org.yaml:snakeyaml:jar:1.8:compile
[DEBUG]          commons-codec:commons-codec:jar:1.10:compile
[INFO]
[INFO] --- maven-resources-plugin:2.6:resources (default-resources) @ java.selenium.training ---
[DEBUG] Dependency collection stats: {ConflictMarker.analyzeTime=0, ConflictMarker.markTime=0, ConflictMarker.nodeCount=77, ConflictIdSorter.graphTime=0, ConflictIdSorter.topsortTime=0, ConflictIdSorter.conflictIdCount=26, ConflictIdSorter.conflictIdCycleCount=0, ConflictResolver.totalTime=2, ConflictResolver.conflictItemCount=74, DefaultDependencyCollector.collectTime=243, DefaultDependencyCollector.transformTime=2}
[DEBUG] org.apache.maven.plugins:maven-resources-plugin:jar:2.6:
[DEBUG]    org.apache.maven:maven-plugin-api:jar:2.0.6:compile
[DEBUG]    org.apache.maven:maven-project:jar:2.0.6:compile
[DEBUG]       org.apache.maven:maven-profile:jar:2.0.6:compile
[DEBUG]       org.apache.maven:maven-artifact-manager:jar:2.0.6:compile
[DEBUG]       org.apache.maven:maven-plugin-registry:jar:2.0.6:compile
[DEBUG]    org.apache.maven:maven-core:jar:2.0.6:compile
[DEBUG]       org.apache.maven:maven-plugin-parameter-documenter:jar:2.0.6:compile
[DEBUG]       org.apache.maven.reporting:maven-reporting-api:jar:2.0.6:compile
[DEBUG]          org.apache.maven.doxia:doxia-sink-api:jar:1.0-alpha-7:compile
[DEBUG]       org.apache.maven:maven-repository-metadata:jar:2.0.6:compile
[DEBUG]       org.apache.maven:maven-error-diagnostics:jar:2.0.6:compile
[DEBUG]       commons-cli:commons-cli:jar:1.0:compile
[DEBUG]       org.apache.maven:maven-plugin-descriptor:jar:2.0.6:compile
[DEBUG]       org.codehaus.plexus:plexus-interactivity-api:jar:1.0-alpha-4:compile
[DEBUG]       classworlds:classworlds:jar:1.1:compile
[DEBUG]    org.apache.maven:maven-artifact:jar:2.0.6:compile
[DEBUG]    org.apache.maven:maven-settings:jar:2.0.6:compile
[DEBUG]    org.apache.maven:maven-model:jar:2.0.6:compile
[DEBUG]    org.apache.maven:maven-monitor:jar:2.0.6:compile
[DEBUG]    org.codehaus.plexus:plexus-container-default:jar:1.0-alpha-9-stable-1:compile
[DEBUG]       junit:junit:jar:3.8.1:compile
[DEBUG]    org.codehaus.plexus:plexus-utils:jar:2.0.5:compile
[DEBUG]    org.apache.maven.shared:maven-filtering:jar:1.1:compile
[DEBUG]       org.sonatype.plexus:plexus-build-api:jar:0.0.4:compile
[DEBUG]    org.codehaus.plexus:plexus-interpolation:jar:1.13:compile
[DEBUG] Created new class realm plugin>org.apache.maven.plugins:maven-resources-plugin:2.6
[DEBUG] Importing foreign packages into class realm plugin>org.apache.maven.plugins:maven-resources-plugin:2.6
[DEBUG]   Imported:  < maven.api
[DEBUG] Populating class realm plugin>org.apache.maven.plugins:maven-resources-plugin:2.6
[DEBUG]   Included: org.apache.maven.plugins:maven-resources-plugin:jar:2.6
[DEBUG]   Included: org.apache.maven.reporting:maven-reporting-api:jar:2.0.6
[DEBUG]   Included: org.apache.maven.doxia:doxia-sink-api:jar:1.0-alpha-7
[DEBUG]   Included: commons-cli:commons-cli:jar:1.0
[DEBUG]   Included: org.codehaus.plexus:plexus-interactivity-api:jar:1.0-alpha-4
[DEBUG]   Included: junit:junit:jar:3.8.1
[DEBUG]   Included: org.codehaus.plexus:plexus-utils:jar:2.0.5
[DEBUG]   Included: org.apache.maven.shared:maven-filtering:jar:1.1
[DEBUG]   Included: org.sonatype.plexus:plexus-build-api:jar:0.0.4
[DEBUG]   Included: org.codehaus.plexus:plexus-interpolation:jar:1.13
[DEBUG] Configuring mojo org.apache.maven.plugins:maven-resources-plugin:2.6:resources from plugin realm ClassRealm[plugin>org.apache.maven.plugins:maven-resources-plugin:2.6, parent: sun.misc.Launcher$AppClassLoader@70dea4e]
[DEBUG] Configuring mojo 'org.apache.maven.plugins:maven-resources-plugin:2.6:resources' with basic configurator -->
[DEBUG]   (f) buildFilters = []
[DEBUG]   (f) encoding = UTF-8
[DEBUG]   (f) escapeWindowsPaths = true
[DEBUG]   (s) includeEmptyDirs = false
[DEBUG]   (s) outputDirectory = C:\Selenium\tools\archetype\Se-Java-17-TyurinOK\target\classes
[DEBUG]   (s) overwrite = false
[DEBUG]   (f) project = MavenProject: ru.st.selenium:java.selenium.training:1.0-SNAPSHOT @ C:\Selenium\tools\archetype\Se-Java-17-TyurinOK\pom.xml
[DEBUG]   (s) resources = [Resource {targetPath: null, filtering: true, FileSet {directory: C:\Selenium\tools\archetype\Se-Java-17-TyurinOK\src\main\resources, PatternSet [includes: {}, excludes: {}]}}]
[DEBUG]   (f) session = org.apache.maven.execution.MavenSession@5bd73d1a
[DEBUG]   (f) supportMultiLineFiltering = false
[DEBUG]   (f) useBuildFilters = true
[DEBUG]   (s) useDefaultDelimiters = true
[DEBUG] -- end configuration --
[DEBUG] properties used {java.vendor=Oracle Corporation, env.SYSTEMROOT=C:\WINDOWS, env.USERDOMAIN_ROAMINGPROFILE=NB-OKTYURIN, sun.java.launcher=SUN_STANDARD, sun.management.compiler=HotSpot 64-Bit Tiered Compilers, env.COMMANDER_DRIVE=C:, env.PROMPT=$P$G, env.COMMANDER_PATH=C:\totalcmd, env.WDIR=C:\, os.name=Windows 10, sun.boot.class.path=C:\Program Files\Java\jdk1.8.0_60\jre\lib\resources.jar;C:\Program Files\Java\jdk1.8.0_60\jre\lib\rt.jar;C:\Program Files\Java\jdk1.8.0_60\jre\lib\sunrsasign.jar;C:\Program Files\Java\jdk1.8.0_60\jre\lib\jsse.jar;C:\Program Files\Java\jdk1.8.0_60\jre\lib\jce.jar;C:\Program Files\Java\jdk1.8.0_60\jre\lib\charsets.jar;C:\Program Files\Java\jdk1.8.0_60\jre\lib\jfr.jar;C:\Program Files\Java\jdk1.8.0_60\jre\classes, env.COMPUTERNAME=NB-OKTYURIN, env.ALLUSERSPROFILE=C:\ProgramData, sun.desktop=windows, browser.platform=, java.vm.specification.vendor=Oracle Corporation, java.runtime.version=1.8.0_60-b27, env.HOMEPATH=\Users\ok.tyurin, user.name=ok.tyurin, maven.build.version=Apache Maven 3.3.9 (bb52d8502b132ec0a5a3f4c09453c07478323dc5; 2015-11-10T19:41:47+03:00), env.PATH=C:\ProgramData\Oracle\Java\javapath;C:\Windows\system32;C:\Windows;C:\Windows\System32\Wbem;C:\Windows\System32\WindowsPowerShell\v1.0\;C:\Program Files (x86)\NVIDIA Corporation\PhysX\Common;C:\Program Files (x86)\Skype\Phone\;C:\Program Files\TortoiseSVN\bin;C:\Program Files (x86)\Windows Kits\8.1\Windows Performance Toolkit\;C:\Program Files\Microsoft SQL Server\110\Tools\Binn\;C:\WINDOWS\system32;C:\WINDOWS;C:\WINDOWS\System32\Wbem;C:\WINDOWS\System32\WindowsPowerShell\v1.0\;c:\Selenium\tools\apache-maven-3.3.9\bin\;C:\Selenium\tools\WebDriver, user.language=ru, browser.version=, env.WINDIR=C:\WINDOWS, sun.boot.library.path=C:\Program Files\Java\jdk1.8.0_60\jre\bin, classworlds.conf=c:\Selenium\tools\apache-maven-3.3.9\bin\..\bin\m2.conf, java.version=1.8.0_60, env.PROCESSOR_IDENTIFIER=Intel64 Family 6 Model 69 Stepping 1, GenuineIntel, user.timezone=Europe/Moscow, env.TEMP=C:\Users\OKC33F~1.TYU\AppData\Local\Temp, sun.arch.data.model=64, env.EXEC_DIR=C:\Selenium\tools\archetype\Se-Java-17-TyurinOK, java.endorsed.dirs=C:\Program Files\Java\jdk1.8.0_60\jre\lib\endorsed, browser.name=firefox, sun.cpu.isalist=amd64, env.HOMEDRIVE=C:, sun.jnu.encoding=Cp1251, file.encoding.pkg=sun.io, env.VS110COMNTOOLS=C:\Program Files (x86)\Microsoft Visual Studio 11.0\Common7\Tools\, env.SYSTEMDRIVE=C:, file.separator=\, java.specification.name=Java Platform API Specification, env=local, grid2.hub=http://192.168.1.43, java.class.version=52.0, org.slf4j.simpleLogger.defaultLogLevel=debug, user.country=RU, java.home=C:\Program Files\Java\jdk1.8.0_60\jre, env.APPDATA=C:\Users\ok.tyurin\AppData\Roaming, env.PUBLIC=C:\Users\Public, java.vm.info=mixed mode, env.OS=Windows_NT, os.version=10.0, site.url=http://192.168.1.43, env.=::=::\, path.separator=;, java.vm.version=25.60-b23, env.COMMANDER_EXE=C:\totalcmd\TOTALCMD64.EXE, user.variant=, env.USERPROFILE=C:\Users\ok.tyurin, user.password=, env.JAVA_HOME=C:\Program Files\Java\jdk1.8.0_60, java.awt.printerjob=sun.awt.windows.WPrinterJob, env.TMP=C:\Users\OKC33F~1.TYU\AppData\Local\Temp, env.FPS_BROWSER_USER_PROFILE_STRING=Default, env.PROGRAMFILES=C:\Program Files, sun.io.unicode.encoding=UnicodeLittle, awt.toolkit=sun.awt.windows.WToolkit, sun.stdout.encoding=cp866, user.script=, user.username=, user.home=C:\Users\ok.tyurin, env.COMMONPROGRAMFILES=C:\Program Files\Common Files, env.VS140COMNTOOLS=C:\Program Files (x86)\Microsoft Visual Studio 14.0\Common7\Tools\, env.SESSIONNAME=Console, java.specification.vendor=Oracle Corporation, env.M2_HOME=c:\Selenium\tools\apache-maven-3.3.9\bin\.., java.library.path=C:\Program Files\Java\jdk1.8.0_60\bin;C:\WINDOWS\Sun\Java\bin;C:\WINDOWS\system32;C:\WINDOWS;C:\ProgramData\Oracle\Java\javapath;C:\Windows\system32;C:\Windows;C:\Windows\System32\Wbem;C:\Windows\System32\WindowsPowerShell\v1.0\;C:\Program Files (x86)\NVIDIA Corporation\PhysX\Common;C:\Program Files (x86)\Skype\Phone\;C:\Program Files\TortoiseSVN\bin;C:\Program Files (x86)\Windows Kits\8.1\Windows Performance Toolkit\;C:\Program Files\Microsoft SQL Server\110\Tools\Binn\;C:\WINDOWS\system32;C:\WINDOWS;C:\WINDOWS\System32\Wbem;C:\WINDOWS\System32\WindowsPowerShell\v1.0\;c:\Selenium\tools\apache-maven-3.3.9\bin\;C:\Selenium\tools\WebDriver;., env.NUMBER_OF_PROCESSORS=4, java.vendor.url=http://java.oracle.com/, env.COMMONPROGRAMFILES(X86)=C:\Program Files (x86)\Common Files, env.PSMODULEPATH=C:\WINDOWS\system32\WindowsPowerShell\v1.0\Modules\, env.CLASSWORLDS_LAUNCHER=org.codehaus.plexus.classworlds.launcher.Launcher, env.MAVEN_CMD_LINE_ARGS=test -P firefox_local -X, java.vm.vendor=Oracle Corporation, maven.home=c:\Selenium\tools\apache-maven-3.3.9\bin\.., java.runtime.name=Java(TM) SE Runtime Environment, sun.java.command=org.codehaus.plexus.classworlds.launcher.Launcher test -P firefox_local -X, java.class.path=c:\Selenium\tools\apache-maven-3.3.9\bin\..\boot\plexus-classworlds-2.5.2.jar, env.PROGRAMW6432=C:\Program Files, maven.version=3.3.9, env.PROGRAMFILES(X86)=C:\Program Files (x86), env.MAVEN_JAVA_EXE="C:\Program Files\Java\jdk1.8.0_60\bin\java.exe", java.vm.specification.name=Java Virtual Machine Specification, env.LOGONSERVER=\\NB-OKTYURIN, java.vm.specification.version=1.8, env.PROCESSOR_ARCHITECTURE=AMD64, env.COMMONPROGRAMW6432=C:\Program Files\Common Files, sun.cpu.endian=little, sun.os.patch.level=, env.HOME=C:\Users\ok.tyurin, java.io.tmpdir=C:\Users\OKC33F~1.TYU\AppData\Local\Temp\, env.PROCESSOR_REVISION=4501, env.VS120COMNTOOLS=C:\Program Files (x86)\Microsoft Visual Studio 12.0\Common7\Tools\, java.vendor.url.bug=http://bugreport.sun.com/bugreport/, maven.multiModuleProjectDirectory=C:\Selenium\tools\archetype\Se-Java-17-TyurinOK, env.PROGRAMDATA=C:\ProgramData, env.COMSPEC=C:\WINDOWS\system32\cmd.exe, env.FPS_BROWSER_APP_PROFILE_STRING=Internet Explorer, os.arch=amd64, java.awt.graphicsenv=sun.awt.Win32GraphicsEnvironment, java.ext.dirs=C:\Program Files\Java\jdk1.8.0_60\jre\lib\ext;C:\WINDOWS\Sun\Java\lib\ext, user.dir=C:\Selenium\tools\archetype\Se-Java-17-TyurinOK, env.LOCALAPPDATA=C:\Users\ok.tyurin\AppData\Local, line.separator=
, env.CLASSWORLDS_JAR="c:\Selenium\tools\apache-maven-3.3.9\bin\..\boot\plexus-classworlds-2.5.2.jar", java.vm.name=Java HotSpot(TM) 64-Bit Server VM, env.PATHEXT=.COM;.EXE;.BAT;.CMD;.VBS;.VBE;.JS;.JSE;.WSF;.WSH;.MSC, env.ERROR_CODE=0, env.ESET_OPTIONS=                                                                                                                                                                                                                                                                                                                                                                                                                                                                                                                               , env.USERNAME=ok.tyurin, sun.stderr.encoding=cp866, file.encoding=Cp1251, env.USERDOMAIN=NB-OKTYURIN, env.COMMANDER_INI=C:\Users\ok.tyurin\AppData\Roaming\GHISLER\wincmd.ini, java.specification.version=1.8, env.=C:=C:\Selenium\tools\archetype\Se-Java-17-TyurinOK, env.PROCESSOR_LEVEL=6, env.MAVEN_PROJECTBASEDIR=C:\Selenium\tools\archetype\Se-Java-17-TyurinOK, env.VBOX_MSI_INSTALL_PATH=C:\Program Files\Oracle\VirtualBox\}
[INFO] Using 'UTF-8' encoding to copy filtered resources.
[DEBUG] resource with targetPath null
directory C:\Selenium\tools\archetype\Se-Java-17-TyurinOK\src\main\resources
excludes []
includes []
[DEBUG] ignoreDelta true
[INFO] Copying 2 resources
[DEBUG] file application.properties has a filtered file extension
[DEBUG] filtering C:\Selenium\tools\archetype\Se-Java-17-TyurinOK\src\main\resources\application.properties to C:\Selenium\tools\archetype\Se-Java-17-TyurinOK\target\classes\application.properties
[DEBUG] file README.txt has a filtered file extension
[DEBUG] filtering C:\Selenium\tools\archetype\Se-Java-17-TyurinOK\src\main\resources\grid2\README.txt to C:\Selenium\tools\archetype\Se-Java-17-TyurinOK\target\classes\grid2\README.txt
[DEBUG] no use filter components
[INFO]
[INFO] --- maven-compiler-plugin:3.1:compile (default-compile) @ java.selenium.training ---
[DEBUG] Dependency collection stats: {ConflictMarker.analyzeTime=0, ConflictMarker.markTime=1, ConflictMarker.nodeCount=160, ConflictIdSorter.graphTime=0, ConflictIdSorter.topsortTime=0, ConflictIdSorter.conflictIdCount=43, ConflictIdSorter.conflictIdCycleCount=0, ConflictResolver.totalTime=2, ConflictResolver.conflictItemCount=63, DefaultDependencyCollector.collectTime=456, DefaultDependencyCollector.transformTime=3}
[DEBUG] org.apache.maven.plugins:maven-compiler-plugin:jar:3.1:
[DEBUG]    org.apache.maven:maven-plugin-api:jar:2.0.9:compile
[DEBUG]    org.apache.maven:maven-artifact:jar:2.0.9:compile
[DEBUG]       org.codehaus.plexus:plexus-utils:jar:1.5.1:compile
[DEBUG]    org.apache.maven:maven-core:jar:2.0.9:compile
[DEBUG]       org.apache.maven:maven-settings:jar:2.0.9:compile
[DEBUG]       org.apache.maven:maven-plugin-parameter-documenter:jar:2.0.9:compile
[DEBUG]       org.apache.maven:maven-profile:jar:2.0.9:compile
[DEBUG]       org.apache.maven:maven-model:jar:2.0.9:compile
[DEBUG]       org.apache.maven:maven-repository-metadata:jar:2.0.9:compile
[DEBUG]       org.apache.maven:maven-error-diagnostics:jar:2.0.9:compile
[DEBUG]       org.apache.maven:maven-project:jar:2.0.9:compile
[DEBUG]          org.apache.maven:maven-plugin-registry:jar:2.0.9:compile
[DEBUG]       org.apache.maven:maven-plugin-descriptor:jar:2.0.9:compile
[DEBUG]       org.apache.maven:maven-artifact-manager:jar:2.0.9:compile
[DEBUG]       org.apache.maven:maven-monitor:jar:2.0.9:compile
[DEBUG]    org.apache.maven:maven-toolchain:jar:1.0:compile
[DEBUG]    org.apache.maven.shared:maven-shared-utils:jar:0.1:compile
[DEBUG]       com.google.code.findbugs:jsr305:jar:2.0.1:compile
[DEBUG]    org.apache.maven.shared:maven-shared-incremental:jar:1.1:compile
[DEBUG]       org.codehaus.plexus:plexus-component-annotations:jar:1.5.5:compile
[DEBUG]    org.codehaus.plexus:plexus-compiler-api:jar:2.2:compile
[DEBUG]    org.codehaus.plexus:plexus-compiler-manager:jar:2.2:compile
[DEBUG]    org.codehaus.plexus:plexus-compiler-javac:jar:2.2:runtime
[DEBUG]    org.codehaus.plexus:plexus-container-default:jar:1.5.5:compile
[DEBUG]       org.codehaus.plexus:plexus-classworlds:jar:2.2.2:compile
[DEBUG]       org.apache.xbean:xbean-reflect:jar:3.4:compile
[DEBUG]          log4j:log4j:jar:1.2.12:compile
[DEBUG]          commons-logging:commons-logging-api:jar:1.1:compile
[DEBUG]       com.google.collections:google-collections:jar:1.0:compile
[DEBUG]       junit:junit:jar:3.8.2:compile
[DEBUG] Created new class realm plugin>org.apache.maven.plugins:maven-compiler-plugin:3.1
[DEBUG] Importing foreign packages into class realm plugin>org.apache.maven.plugins:maven-compiler-plugin:3.1
[DEBUG]   Imported:  < maven.api
[DEBUG] Populating class realm plugin>org.apache.maven.plugins:maven-compiler-plugin:3.1
[DEBUG]   Included: org.apache.maven.plugins:maven-compiler-plugin:jar:3.1
[DEBUG]   Included: org.codehaus.plexus:plexus-utils:jar:1.5.1
[DEBUG]   Included: org.apache.maven.shared:maven-shared-utils:jar:0.1
[DEBUG]   Included: com.google.code.findbugs:jsr305:jar:2.0.1
[DEBUG]   Included: org.apache.maven.shared:maven-shared-incremental:jar:1.1
[DEBUG]   Included: org.codehaus.plexus:plexus-component-annotations:jar:1.5.5
[DEBUG]   Included: org.codehaus.plexus:plexus-compiler-api:jar:2.2
[DEBUG]   Included: org.codehaus.plexus:plexus-compiler-manager:jar:2.2
[DEBUG]   Included: org.codehaus.plexus:plexus-compiler-javac:jar:2.2
[DEBUG]   Included: org.apache.xbean:xbean-reflect:jar:3.4
[DEBUG]   Included: log4j:log4j:jar:1.2.12
[DEBUG]   Included: commons-logging:commons-logging-api:jar:1.1
[DEBUG]   Included: com.google.collections:google-collections:jar:1.0
[DEBUG]   Included: junit:junit:jar:3.8.2
[DEBUG] Configuring mojo org.apache.maven.plugins:maven-compiler-plugin:3.1:compile from plugin realm ClassRealm[plugin>org.apache.maven.plugins:maven-compiler-plugin:3.1, parent: sun.misc.Launcher$AppClassLoader@70dea4e]
[DEBUG] Configuring mojo 'org.apache.maven.plugins:maven-compiler-plugin:3.1:compile' with basic configurator -->
[DEBUG]   (f) basedir = C:\Selenium\tools\archetype\Se-Java-17-TyurinOK
[DEBUG]   (f) buildDirectory = C:\Selenium\tools\archetype\Se-Java-17-TyurinOK\target
[DEBUG]   (f) classpathElements = [C:\Selenium\tools\archetype\Se-Java-17-TyurinOK\target\classes, C:\Users\ok.tyurin\.m2\repository\org\testng\testng\6.9.4\testng-6.9.4.jar, C:\Users\ok.tyurin\.m2\repository\org\beanshell\bsh\2.0b4\bsh-2.0b4.jar, C:\Users\ok.tyurin\.m2\repository\com\beust\jcommander\1.48\jcommander-1.48.jar, C:\Users\ok.tyurin\.m2\repository\junit\junit\4.12\junit-4.12.jar, C:\Users\ok.tyurin\.m2\repository\org\hamcrest\hamcrest-core\1.3\hamcrest-core-1.3.jar, C:\Users\ok.tyurin\.m2\repository\ru\stqa\selenium\webdriver-factory\1.1.51\webdriver-factory-1.1.51.jar, C:\Users\ok.tyurin\.m2\repository\org\seleniumhq\selenium\selenium-java\2.51.0\selenium-java-2.51.0.jar, C:\Users\ok.tyurin\.m2\repository\org\seleniumhq\selenium\selenium-chrome-driver\2.51.0\selenium-chrome-driver-2.51.0.jar, C:\Users\ok.tyurin\.m2\repository\org\seleniumhq\selenium\selenium-remote-driver\2.51.0\selenium-remote-driver-2.51.0.jar, C:\Users\ok.tyurin\.m2\repository\cglib\cglib-nodep\2.1_3\cglib-nodep-2.1_3.jar, C:\Users\ok.tyurin\.m2\repository\com\google\code\gson\gson\2.3.1\gson-2.3.1.jar, C:\Users\ok.tyurin\.m2\repository\org\seleniumhq\selenium\selenium-api\2.51.0\selenium-api-2.51.0.jar, C:\Users\ok.tyurin\.m2\repository\com\google\guava\guava\19.0\guava-19.0.jar, C:\Users\ok.tyurin\.m2\repository\org\seleniumhq\selenium\selenium-edge-driver\2.51.0\selenium-edge-driver-2.51.0.jar, C:\Users\ok.tyurin\.m2\repository\commons-io\commons-io\2.4\commons-io-2.4.jar, C:\Users\ok.tyurin\.m2\repository\org\apache\commons\commons-exec\1.3\commons-exec-1.3.jar, C:\Users\ok.tyurin\.m2\repository\org\seleniumhq\selenium\selenium-htmlunit-driver\2.51.0\selenium-htmlunit-driver-2.51.0.jar, C:\Users\ok.tyurin\.m2\repository\net\sourceforge\htmlunit\htmlunit\2.18\htmlunit-2.18.jar, C:\Users\ok.tyurin\.m2\repository\xalan\xalan\2.7.2\xalan-2.7.2.jar, C:\Users\ok.tyurin\.m2\repository\xalan\serializer\2.7.2\serializer-2.7.2.jar, C:\Users\ok.tyurin\.m2\repository\org\apache\commons\commons-lang3\3.4\commons-lang3-3.4.jar, C:\Users\ok.tyurin\.m2\repository\org\apache\httpcomponents\httpmime\4.5\httpmime-4.5.jar, C:\Users\ok.tyurin\.m2\repository\net\sourceforge\htmlunit\htmlunit-core-js\2.17\htmlunit-core-js-2.17.jar, C:\Users\ok.tyurin\.m2\repository\xerces\xercesImpl\2.11.0\xercesImpl-2.11.0.jar, C:\Users\ok.tyurin\.m2\repository\xml-apis\xml-apis\1.4.01\xml-apis-1.4.01.jar, C:\Users\ok.tyurin\.m2\repository\net\sourceforge\nekohtml\nekohtml\1.9.22\nekohtml-1.9.22.jar, C:\Users\ok.tyurin\.m2\repository\net\sourceforge\cssparser\cssparser\0.9.16\cssparser-0.9.16.jar, C:\Users\ok.tyurin\.m2\repository\org\w3c\css\sac\1.3\sac-1.3.jar, C:\Users\ok.tyurin\.m2\repository\commons-logging\commons-logging\1.2\commons-logging-1.2.jar, C:\Users\ok.tyurin\.m2\repository\org\eclipse\jetty\websocket\websocket-client\9.2.12.v20150709\websocket-client-9.2.12.v20150709.jar, C:\Users\ok.tyurin\.m2\repository\org\eclipse\jetty\jetty-util\9.2.12.v20150709\jetty-util-9.2.12.v20150709.jar, C:\Users\ok.tyurin\.m2\repository\org\eclipse\jetty\jetty-io\9.2.12.v20150709\jetty-io-9.2.12.v20150709.jar, C:\Users\ok.tyurin\.m2\repository\org\eclipse\jetty\websocket\websocket-common\9.2.12.v20150709\websocket-common-9.2.12.v20150709.jar, C:\Users\ok.tyurin\.m2\repository\org\eclipse\jetty\websocket\websocket-api\9.2.12.v20150709\websocket-api-9.2.12.v20150709.jar, C:\Users\ok.tyurin\.m2\repository\commons-collections\commons-collections\3.2.2\commons-collections-3.2.2.jar, C:\Users\ok.tyurin\.m2\repository\org\apache\httpcomponents\httpclient\4.5.1\httpclient-4.5.1.jar, C:\Users\ok.tyurin\.m2\repository\org\apache\httpcomponents\httpcore\4.4.3\httpcore-4.4.3.jar, C:\Users\ok.tyurin\.m2\repository\org\seleniumhq\selenium\selenium-firefox-driver\2.51.0\selenium-firefox-driver-2.51.0.jar, C:\Users\ok.tyurin\.m2\repository\org\seleniumhq\selenium\selenium-ie-driver\2.51.0\selenium-ie-driver-2.51.0.jar, C:\Users\ok.tyurin\.m2\repository\net\java\dev\jna\jna\4.1.0\jna-4.1.0.jar, C:\Users\ok.tyurin\.m2\repository\net\java\dev\jna\jna-platform\4.1.0\jna-platform-4.1.0.jar, C:\Users\ok.tyurin\.m2\repository\org\seleniumhq\selenium\selenium-safari-driver\2.51.0\selenium-safari-driver-2.51.0.jar, C:\Users\ok.tyurin\.m2\repository\org\seleniumhq\selenium\selenium-support\2.51.0\selenium-support-2.51.0.jar, C:\Users\ok.tyurin\.m2\repository\org\webbitserver\webbit\0.4.14\webbit-0.4.14.jar, C:\Users\ok.tyurin\.m2\repository\io\netty\netty\3.5.2.Final\netty-3.5.2.Final.jar, C:\Users\ok.tyurin\.m2\repository\org\seleniumhq\selenium\selenium-leg-rc\2.51.0\selenium-leg-rc-2.51.0.jar, C:\Users\ok.tyurin\.m2\repository\com\codeborne\phantomjsdriver\1.2.1\phantomjsdriver-1.2.1.jar, C:\Users\ok.tyurin\.m2\repository\org\seleniumhq\selenium\selenium-server\2.47.1\selenium-server-2.47.1.jar, C:\Users\ok.tyurin\.m2\repository\org\bouncycastle\bcprov-jdk15on\1.48\bcprov-jdk15on-1.48.jar, C:\Users\ok.tyurin\.m2\repository\org\bouncycastle\bcpkix-jdk15on\1.48\bcpkix-jdk15on-1.48.jar, C:\Users\ok.tyurin\.m2\repository\mx4j\mx4j-tools\3.0.1\mx4j-tools-3.0.1.jar, C:\Users\ok.tyurin\.m2\repository\org\mortbay\jetty\servlet-api-2.5\6.1.9\servlet-api-2.5-6.1.9.jar, C:\Users\ok.tyurin\.m2\repository\org\seleniumhq\selenium\jetty-repacked\7.6.1\jetty-repacked-7.6.1.jar, C:\Users\ok.tyurin\.m2\repository\org\seleniumhq\selenium\jetty-rc-repacked\5\jetty-rc-repacked-5.jar, C:\Users\ok.tyurin\.m2\repository\net\jcip\jcip-annotations\1.0\jcip-annotations-1.0.jar, C:\Users\ok.tyurin\.m2\repository\org\yaml\snakeyaml\1.8\snakeyaml-1.8.jar, C:\Users\ok.tyurin\.m2\repository\commons-codec\commons-codec\1.10\commons-codec-1.10.jar]
[DEBUG]   (f) compileSourceRoots = [C:\Selenium\tools\archetype\Se-Java-17-TyurinOK\src\main\java]
[DEBUG]   (f) compilerId = javac
[DEBUG]   (f) debug = true
[DEBUG]   (f) failOnError = true
[DEBUG]   (f) forceJavacCompilerUse = false
[DEBUG]   (f) fork = false
[DEBUG]   (f) generatedSourcesDirectory = C:\Selenium\tools\archetype\Se-Java-17-TyurinOK\target\generated-sources\annotations
[DEBUG]   (f) mojoExecution = org.apache.maven.plugins:maven-compiler-plugin:3.1:compile {execution: default-compile}
[DEBUG]   (f) optimize = false
[DEBUG]   (f) outputDirectory = C:\Selenium\tools\archetype\Se-Java-17-TyurinOK\target\classes
[DEBUG]   (f) projectArtifact = ru.st.selenium:java.selenium.training:jar:1.0-SNAPSHOT
[DEBUG]   (f) showDeprecation = false
[DEBUG]   (f) showWarnings = false
[DEBUG]   (f) skipMultiThreadWarning = false
[DEBUG]   (f) source = 1.6
[DEBUG]   (f) staleMillis = 0
[DEBUG]   (f) target = 1.6
[DEBUG]   (f) useIncrementalCompilation = true
[DEBUG]   (f) verbose = false
[DEBUG]   (f) mavenSession = org.apache.maven.execution.MavenSession@5bd73d1a
[DEBUG]   (f) session = org.apache.maven.execution.MavenSession@5bd73d1a
[DEBUG] -- end configuration --
[DEBUG] Using compiler 'javac'.
[DEBUG] Source directories: [C:\Selenium\tools\archetype\Se-Java-17-TyurinOK\src\main\java]
[DEBUG] Classpath: [C:\Selenium\tools\archetype\Se-Java-17-TyurinOK\target\classes
 C:\Users\ok.tyurin\.m2\repository\org\testng\testng\6.9.4\testng-6.9.4.jar
 C:\Users\ok.tyurin\.m2\repository\org\beanshell\bsh\2.0b4\bsh-2.0b4.jar
 C:\Users\ok.tyurin\.m2\repository\com\beust\jcommander\1.48\jcommander-1.48.jar
 C:\Users\ok.tyurin\.m2\repository\junit\junit\4.12\junit-4.12.jar
 C:\Users\ok.tyurin\.m2\repository\org\hamcrest\hamcrest-core\1.3\hamcrest-core-1.3.jar
 C:\Users\ok.tyurin\.m2\repository\ru\stqa\selenium\webdriver-factory\1.1.51\webdriver-factory-1.1.51.jar
 C:\Users\ok.tyurin\.m2\repository\org\seleniumhq\selenium\selenium-java\2.51.0\selenium-java-2.51.0.jar
 C:\Users\ok.tyurin\.m2\repository\org\seleniumhq\selenium\selenium-chrome-driver\2.51.0\selenium-chrome-driver-2.51.0.jar
 C:\Users\ok.tyurin\.m2\repository\org\seleniumhq\selenium\selenium-remote-driver\2.51.0\selenium-remote-driver-2.51.0.jar
 C:\Users\ok.tyurin\.m2\repository\cglib\cglib-nodep\2.1_3\cglib-nodep-2.1_3.jar
 C:\Users\ok.tyurin\.m2\repository\com\google\code\gson\gson\2.3.1\gson-2.3.1.jar
 C:\Users\ok.tyurin\.m2\repository\org\seleniumhq\selenium\selenium-api\2.51.0\selenium-api-2.51.0.jar
 C:\Users\ok.tyurin\.m2\repository\com\google\guava\guava\19.0\guava-19.0.jar
 C:\Users\ok.tyurin\.m2\repository\org\seleniumhq\selenium\selenium-edge-driver\2.51.0\selenium-edge-driver-2.51.0.jar
 C:\Users\ok.tyurin\.m2\repository\commons-io\commons-io\2.4\commons-io-2.4.jar
 C:\Users\ok.tyurin\.m2\repository\org\apache\commons\commons-exec\1.3\commons-exec-1.3.jar
 C:\Users\ok.tyurin\.m2\repository\org\seleniumhq\selenium\selenium-htmlunit-driver\2.51.0\selenium-htmlunit-driver-2.51.0.jar
 C:\Users\ok.tyurin\.m2\repository\net\sourceforge\htmlunit\htmlunit\2.18\htmlunit-2.18.jar
 C:\Users\ok.tyurin\.m2\repository\xalan\xalan\2.7.2\xalan-2.7.2.jar
 C:\Users\ok.tyurin\.m2\repository\xalan\serializer\2.7.2\serializer-2.7.2.jar
 C:\Users\ok.tyurin\.m2\repository\org\apache\commons\commons-lang3\3.4\commons-lang3-3.4.jar
 C:\Users\ok.tyurin\.m2\repository\org\apache\httpcomponents\httpmime\4.5\httpmime-4.5.jar
 C:\Users\ok.tyurin\.m2\repository\net\sourceforge\htmlunit\htmlunit-core-js\2.17\htmlunit-core-js-2.17.jar
 C:\Users\ok.tyurin\.m2\repository\xerces\xercesImpl\2.11.0\xercesImpl-2.11.0.jar
 C:\Users\ok.tyurin\.m2\repository\xml-apis\xml-apis\1.4.01\xml-apis-1.4.01.jar
 C:\Users\ok.tyurin\.m2\repository\net\sourceforge\nekohtml\nekohtml\1.9.22\nekohtml-1.9.22.jar
 C:\Users\ok.tyurin\.m2\repository\net\sourceforge\cssparser\cssparser\0.9.16\cssparser-0.9.16.jar
 C:\Users\ok.tyurin\.m2\repository\org\w3c\css\sac\1.3\sac-1.3.jar
 C:\Users\ok.tyurin\.m2\repository\commons-logging\commons-logging\1.2\commons-logging-1.2.jar
 C:\Users\ok.tyurin\.m2\repository\org\eclipse\jetty\websocket\websocket-client\9.2.12.v20150709\websocket-client-9.2.12.v20150709.jar
 C:\Users\ok.tyurin\.m2\repository\org\eclipse\jetty\jetty-util\9.2.12.v20150709\jetty-util-9.2.12.v20150709.jar
 C:\Users\ok.tyurin\.m2\repository\org\eclipse\jetty\jetty-io\9.2.12.v20150709\jetty-io-9.2.12.v20150709.jar
 C:\Users\ok.tyurin\.m2\repository\org\eclipse\jetty\websocket\websocket-common\9.2.12.v20150709\websocket-common-9.2.12.v20150709.jar
 C:\Users\ok.tyurin\.m2\repository\org\eclipse\jetty\websocket\websocket-api\9.2.12.v20150709\websocket-api-9.2.12.v20150709.jar
 C:\Users\ok.tyurin\.m2\repository\commons-collections\commons-collections\3.2.2\commons-collections-3.2.2.jar
 C:\Users\ok.tyurin\.m2\repository\org\apache\httpcomponents\httpclient\4.5.1\httpclient-4.5.1.jar
 C:\Users\ok.tyurin\.m2\repository\org\apache\httpcomponents\httpcore\4.4.3\httpcore-4.4.3.jar
 C:\Users\ok.tyurin\.m2\repository\org\seleniumhq\selenium\selenium-firefox-driver\2.51.0\selenium-firefox-driver-2.51.0.jar
 C:\Users\ok.tyurin\.m2\repository\org\seleniumhq\selenium\selenium-ie-driver\2.51.0\selenium-ie-driver-2.51.0.jar
 C:\Users\ok.tyurin\.m2\repository\net\java\dev\jna\jna\4.1.0\jna-4.1.0.jar
 C:\Users\ok.tyurin\.m2\repository\net\java\dev\jna\jna-platform\4.1.0\jna-platform-4.1.0.jar
 C:\Users\ok.tyurin\.m2\repository\org\seleniumhq\selenium\selenium-safari-driver\2.51.0\selenium-safari-driver-2.51.0.jar
 C:\Users\ok.tyurin\.m2\repository\org\seleniumhq\selenium\selenium-support\2.51.0\selenium-support-2.51.0.jar
 C:\Users\ok.tyurin\.m2\repository\org\webbitserver\webbit\0.4.14\webbit-0.4.14.jar
 C:\Users\ok.tyurin\.m2\repository\io\netty\netty\3.5.2.Final\netty-3.5.2.Final.jar
 C:\Users\ok.tyurin\.m2\repository\org\seleniumhq\selenium\selenium-leg-rc\2.51.0\selenium-leg-rc-2.51.0.jar
 C:\Users\ok.tyurin\.m2\repository\com\codeborne\phantomjsdriver\1.2.1\phantomjsdriver-1.2.1.jar
 C:\Users\ok.tyurin\.m2\repository\org\seleniumhq\selenium\selenium-server\2.47.1\selenium-server-2.47.1.jar
 C:\Users\ok.tyurin\.m2\repository\org\bouncycastle\bcprov-jdk15on\1.48\bcprov-jdk15on-1.48.jar
 C:\Users\ok.tyurin\.m2\repository\org\bouncycastle\bcpkix-jdk15on\1.48\bcpkix-jdk15on-1.48.jar
 C:\Users\ok.tyurin\.m2\repository\mx4j\mx4j-tools\3.0.1\mx4j-tools-3.0.1.jar
 C:\Users\ok.tyurin\.m2\repository\org\mortbay\jetty\servlet-api-2.5\6.1.9\servlet-api-2.5-6.1.9.jar
 C:\Users\ok.tyurin\.m2\repository\org\seleniumhq\selenium\jetty-repacked\7.6.1\jetty-repacked-7.6.1.jar
 C:\Users\ok.tyurin\.m2\repository\org\seleniumhq\selenium\jetty-rc-repacked\5\jetty-rc-repacked-5.jar
 C:\Users\ok.tyurin\.m2\repository\net\jcip\jcip-annotations\1.0\jcip-annotations-1.0.jar
 C:\Users\ok.tyurin\.m2\repository\org\yaml\snakeyaml\1.8\snakeyaml-1.8.jar
 C:\Users\ok.tyurin\.m2\repository\commons-codec\commons-codec\1.10\commons-codec-1.10.jar]
[DEBUG] Output directory: C:\Selenium\tools\archetype\Se-Java-17-TyurinOK\target\classes
[DEBUG] CompilerReuseStrategy: reuseCreated
[DEBUG] useIncrementalCompilation enabled
[INFO] Nothing to compile - all classes are up to date
[INFO]
[INFO] --- maven-resources-plugin:2.6:testResources (default-testResources) @ java.selenium.training ---
[DEBUG] Configuring mojo org.apache.maven.plugins:maven-resources-plugin:2.6:testResources from plugin realm ClassRealm[plugin>org.apache.maven.plugins:maven-resources-plugin:2.6, parent: sun.misc.Launcher$AppClassLoader@70dea4e]
[DEBUG] Configuring mojo 'org.apache.maven.plugins:maven-resources-plugin:2.6:testResources' with basic configurator -->
[DEBUG]   (f) buildFilters = []
[DEBUG]   (f) encoding = UTF-8
[DEBUG]   (f) escapeWindowsPaths = true
[DEBUG]   (s) includeEmptyDirs = false
[DEBUG]   (s) outputDirectory = C:\Selenium\tools\archetype\Se-Java-17-TyurinOK\target\test-classes
[DEBUG]   (s) overwrite = false
[DEBUG]   (f) project = MavenProject: ru.st.selenium:java.selenium.training:1.0-SNAPSHOT @ C:\Selenium\tools\archetype\Se-Java-17-TyurinOK\pom.xml
[DEBUG]   (s) resources = [Resource {targetPath: null, filtering: false, FileSet {directory: C:\Selenium\tools\archetype\Se-Java-17-TyurinOK\src\test\resources, PatternSet [includes: {}, excludes: {}]}}]
[DEBUG]   (f) session = org.apache.maven.execution.MavenSession@5bd73d1a
[DEBUG]   (f) supportMultiLineFiltering = false
[DEBUG]   (f) useBuildFilters = true
[DEBUG]   (s) useDefaultDelimiters = true
[DEBUG] -- end configuration --
[DEBUG] properties used {java.vendor=Oracle Corporation, env.SYSTEMROOT=C:\WINDOWS, env.USERDOMAIN_ROAMINGPROFILE=NB-OKTYURIN, sun.java.launcher=SUN_STANDARD, sun.management.compiler=HotSpot 64-Bit Tiered Compilers, env.COMMANDER_DRIVE=C:, env.PROMPT=$P$G, env.COMMANDER_PATH=C:\totalcmd, env.WDIR=C:\, os.name=Windows 10, sun.boot.class.path=C:\Program Files\Java\jdk1.8.0_60\jre\lib\resources.jar;C:\Program Files\Java\jdk1.8.0_60\jre\lib\rt.jar;C:\Program Files\Java\jdk1.8.0_60\jre\lib\sunrsasign.jar;C:\Program Files\Java\jdk1.8.0_60\jre\lib\jsse.jar;C:\Program Files\Java\jdk1.8.0_60\jre\lib\jce.jar;C:\Program Files\Java\jdk1.8.0_60\jre\lib\charsets.jar;C:\Program Files\Java\jdk1.8.0_60\jre\lib\jfr.jar;C:\Program Files\Java\jdk1.8.0_60\jre\classes, env.COMPUTERNAME=NB-OKTYURIN, env.ALLUSERSPROFILE=C:\ProgramData, sun.desktop=windows, browser.platform=, java.vm.specification.vendor=Oracle Corporation, java.runtime.version=1.8.0_60-b27, env.HOMEPATH=\Users\ok.tyurin, user.name=ok.tyurin, maven.build.version=Apache Maven 3.3.9 (bb52d8502b132ec0a5a3f4c09453c07478323dc5; 2015-11-10T19:41:47+03:00), env.PATH=C:\ProgramData\Oracle\Java\javapath;C:\Windows\system32;C:\Windows;C:\Windows\System32\Wbem;C:\Windows\System32\WindowsPowerShell\v1.0\;C:\Program Files (x86)\NVIDIA Corporation\PhysX\Common;C:\Program Files (x86)\Skype\Phone\;C:\Program Files\TortoiseSVN\bin;C:\Program Files (x86)\Windows Kits\8.1\Windows Performance Toolkit\;C:\Program Files\Microsoft SQL Server\110\Tools\Binn\;C:\WINDOWS\system32;C:\WINDOWS;C:\WINDOWS\System32\Wbem;C:\WINDOWS\System32\WindowsPowerShell\v1.0\;c:\Selenium\tools\apache-maven-3.3.9\bin\;C:\Selenium\tools\WebDriver, user.language=ru, browser.version=, env.WINDIR=C:\WINDOWS, sun.boot.library.path=C:\Program Files\Java\jdk1.8.0_60\jre\bin, classworlds.conf=c:\Selenium\tools\apache-maven-3.3.9\bin\..\bin\m2.conf, java.version=1.8.0_60, env.PROCESSOR_IDENTIFIER=Intel64 Family 6 Model 69 Stepping 1, GenuineIntel, user.timezone=Europe/Moscow, env.TEMP=C:\Users\OKC33F~1.TYU\AppData\Local\Temp, sun.arch.data.model=64, env.EXEC_DIR=C:\Selenium\tools\archetype\Se-Java-17-TyurinOK, java.endorsed.dirs=C:\Program Files\Java\jdk1.8.0_60\jre\lib\endorsed, browser.name=firefox, sun.cpu.isalist=amd64, env.HOMEDRIVE=C:, sun.jnu.encoding=Cp1251, file.encoding.pkg=sun.io, env.VS110COMNTOOLS=C:\Program Files (x86)\Microsoft Visual Studio 11.0\Common7\Tools\, env.SYSTEMDRIVE=C:, file.separator=\, java.specification.name=Java Platform API Specification, env=local, grid2.hub=http://192.168.1.43, java.class.version=52.0, org.slf4j.simpleLogger.defaultLogLevel=debug, user.country=RU, java.home=C:\Program Files\Java\jdk1.8.0_60\jre, env.APPDATA=C:\Users\ok.tyurin\AppData\Roaming, env.PUBLIC=C:\Users\Public, java.vm.info=mixed mode, env.OS=Windows_NT, os.version=10.0, site.url=http://192.168.1.43, env.=::=::\, path.separator=;, java.vm.version=25.60-b23, env.COMMANDER_EXE=C:\totalcmd\TOTALCMD64.EXE, user.variant=, env.USERPROFILE=C:\Users\ok.tyurin, user.password=, env.JAVA_HOME=C:\Program Files\Java\jdk1.8.0_60, java.awt.printerjob=sun.awt.windows.WPrinterJob, env.TMP=C:\Users\OKC33F~1.TYU\AppData\Local\Temp, env.FPS_BROWSER_USER_PROFILE_STRING=Default, env.PROGRAMFILES=C:\Program Files, sun.io.unicode.encoding=UnicodeLittle, awt.toolkit=sun.awt.windows.WToolkit, sun.stdout.encoding=cp866, user.script=, user.username=, user.home=C:\Users\ok.tyurin, env.COMMONPROGRAMFILES=C:\Program Files\Common Files, env.VS140COMNTOOLS=C:\Program Files (x86)\Microsoft Visual Studio 14.0\Common7\Tools\, env.SESSIONNAME=Console, java.specification.vendor=Oracle Corporation, env.M2_HOME=c:\Selenium\tools\apache-maven-3.3.9\bin\.., java.library.path=C:\Program Files\Java\jdk1.8.0_60\bin;C:\WINDOWS\Sun\Java\bin;C:\WINDOWS\system32;C:\WINDOWS;C:\ProgramData\Oracle\Java\javapath;C:\Windows\system32;C:\Windows;C:\Windows\System32\Wbem;C:\Windows\System32\WindowsPowerShell\v1.0\;C:\Program Files (x86)\NVIDIA Corporation\PhysX\Common;C:\Program Files (x86)\Skype\Phone\;C:\Program Files\TortoiseSVN\bin;C:\Program Files (x86)\Windows Kits\8.1\Windows Performance Toolkit\;C:\Program Files\Microsoft SQL Server\110\Tools\Binn\;C:\WINDOWS\system32;C:\WINDOWS;C:\WINDOWS\System32\Wbem;C:\WINDOWS\System32\WindowsPowerShell\v1.0\;c:\Selenium\tools\apache-maven-3.3.9\bin\;C:\Selenium\tools\WebDriver;., env.NUMBER_OF_PROCESSORS=4, java.vendor.url=http://java.oracle.com/, env.COMMONPROGRAMFILES(X86)=C:\Program Files (x86)\Common Files, env.PSMODULEPATH=C:\WINDOWS\system32\WindowsPowerShell\v1.0\Modules\, env.CLASSWORLDS_LAUNCHER=org.codehaus.plexus.classworlds.launcher.Launcher, env.MAVEN_CMD_LINE_ARGS=test -P firefox_local -X, java.vm.vendor=Oracle Corporation, maven.home=c:\Selenium\tools\apache-maven-3.3.9\bin\.., java.runtime.name=Java(TM) SE Runtime Environment, sun.java.command=org.codehaus.plexus.classworlds.launcher.Launcher test -P firefox_local -X, java.class.path=c:\Selenium\tools\apache-maven-3.3.9\bin\..\boot\plexus-classworlds-2.5.2.jar, env.PROGRAMW6432=C:\Program Files, maven.version=3.3.9, env.PROGRAMFILES(X86)=C:\Program Files (x86), env.MAVEN_JAVA_EXE="C:\Program Files\Java\jdk1.8.0_60\bin\java.exe", java.vm.specification.name=Java Virtual Machine Specification, env.LOGONSERVER=\\NB-OKTYURIN, java.vm.specification.version=1.8, env.PROCESSOR_ARCHITECTURE=AMD64, env.COMMONPROGRAMW6432=C:\Program Files\Common Files, sun.cpu.endian=little, sun.os.patch.level=, env.HOME=C:\Users\ok.tyurin, java.io.tmpdir=C:\Users\OKC33F~1.TYU\AppData\Local\Temp\, env.PROCESSOR_REVISION=4501, env.VS120COMNTOOLS=C:\Program Files (x86)\Microsoft Visual Studio 12.0\Common7\Tools\, java.vendor.url.bug=http://bugreport.sun.com/bugreport/, maven.multiModuleProjectDirectory=C:\Selenium\tools\archetype\Se-Java-17-TyurinOK, env.PROGRAMDATA=C:\ProgramData, env.COMSPEC=C:\WINDOWS\system32\cmd.exe, env.FPS_BROWSER_APP_PROFILE_STRING=Internet Explorer, os.arch=amd64, java.awt.graphicsenv=sun.awt.Win32GraphicsEnvironment, java.ext.dirs=C:\Program Files\Java\jdk1.8.0_60\jre\lib\ext;C:\WINDOWS\Sun\Java\lib\ext, user.dir=C:\Selenium\tools\archetype\Se-Java-17-TyurinOK, env.LOCALAPPDATA=C:\Users\ok.tyurin\AppData\Local, line.separator=
, env.CLASSWORLDS_JAR="c:\Selenium\tools\apache-maven-3.3.9\bin\..\boot\plexus-classworlds-2.5.2.jar", java.vm.name=Java HotSpot(TM) 64-Bit Server VM, env.PATHEXT=.COM;.EXE;.BAT;.CMD;.VBS;.VBE;.JS;.JSE;.WSF;.WSH;.MSC, env.ERROR_CODE=0, env.ESET_OPTIONS=                                                                                                                                                                                                                                                                                                                                                                                                                                                                                                                               , env.USERNAME=ok.tyurin, sun.stderr.encoding=cp866, file.encoding=Cp1251, env.USERDOMAIN=NB-OKTYURIN, env.COMMANDER_INI=C:\Users\ok.tyurin\AppData\Roaming\GHISLER\wincmd.ini, java.specification.version=1.8, env.=C:=C:\Selenium\tools\archetype\Se-Java-17-TyurinOK, env.PROCESSOR_LEVEL=6, env.MAVEN_PROJECTBASEDIR=C:\Selenium\tools\archetype\Se-Java-17-TyurinOK, env.VBOX_MSI_INSTALL_PATH=C:\Program Files\Oracle\VirtualBox\}
[INFO] Using 'UTF-8' encoding to copy filtered resources.
[DEBUG] resource with targetPath null
directory C:\Selenium\tools\archetype\Se-Java-17-TyurinOK\src\test\resources
excludes []
includes []
[DEBUG] ignoreDelta true
[INFO] Copying 1 resource
[DEBUG] file testng.xml has a filtered file extension
[DEBUG] copy C:\Selenium\tools\archetype\Se-Java-17-TyurinOK\src\test\resources\testng.xml to C:\Selenium\tools\archetype\Se-Java-17-TyurinOK\target\test-classes\testng.xml
[DEBUG] no use filter components
[INFO]
[INFO] --- maven-compiler-plugin:3.1:testCompile (default-testCompile) @ java.selenium.training ---
[DEBUG] Configuring mojo org.apache.maven.plugins:maven-compiler-plugin:3.1:testCompile from plugin realm ClassRealm[plugin>org.apache.maven.plugins:maven-compiler-plugin:3.1, parent: sun.misc.Launcher$AppClassLoader@70dea4e]
[DEBUG] Configuring mojo 'org.apache.maven.plugins:maven-compiler-plugin:3.1:testCompile' with basic configurator -->
[DEBUG]   (f) basedir = C:\Selenium\tools\archetype\Se-Java-17-TyurinOK
[DEBUG]   (f) buildDirectory = C:\Selenium\tools\archetype\Se-Java-17-TyurinOK\target
[DEBUG]   (f) classpathElements = [C:\Selenium\tools\archetype\Se-Java-17-TyurinOK\target\test-classes, C:\Selenium\tools\archetype\Se-Java-17-TyurinOK\target\classes, C:\Users\ok.tyurin\.m2\repository\org\testng\testng\6.9.4\testng-6.9.4.jar, C:\Users\ok.tyurin\.m2\repository\org\beanshell\bsh\2.0b4\bsh-2.0b4.jar, C:\Users\ok.tyurin\.m2\repository\com\beust\jcommander\1.48\jcommander-1.48.jar, C:\Users\ok.tyurin\.m2\repository\junit\junit\4.12\junit-4.12.jar, C:\Users\ok.tyurin\.m2\repository\org\hamcrest\hamcrest-core\1.3\hamcrest-core-1.3.jar, C:\Users\ok.tyurin\.m2\repository\ru\stqa\selenium\webdriver-factory\1.1.51\webdriver-factory-1.1.51.jar, C:\Users\ok.tyurin\.m2\repository\org\seleniumhq\selenium\selenium-java\2.51.0\selenium-java-2.51.0.jar, C:\Users\ok.tyurin\.m2\repository\org\seleniumhq\selenium\selenium-chrome-driver\2.51.0\selenium-chrome-driver-2.51.0.jar, C:\Users\ok.tyurin\.m2\repository\org\seleniumhq\selenium\selenium-remote-driver\2.51.0\selenium-remote-driver-2.51.0.jar, C:\Users\ok.tyurin\.m2\repository\cglib\cglib-nodep\2.1_3\cglib-nodep-2.1_3.jar, C:\Users\ok.tyurin\.m2\repository\com\google\code\gson\gson\2.3.1\gson-2.3.1.jar, C:\Users\ok.tyurin\.m2\repository\org\seleniumhq\selenium\selenium-api\2.51.0\selenium-api-2.51.0.jar, C:\Users\ok.tyurin\.m2\repository\com\google\guava\guava\19.0\guava-19.0.jar, C:\Users\ok.tyurin\.m2\repository\org\seleniumhq\selenium\selenium-edge-driver\2.51.0\selenium-edge-driver-2.51.0.jar, C:\Users\ok.tyurin\.m2\repository\commons-io\commons-io\2.4\commons-io-2.4.jar, C:\Users\ok.tyurin\.m2\repository\org\apache\commons\commons-exec\1.3\commons-exec-1.3.jar, C:\Users\ok.tyurin\.m2\repository\org\seleniumhq\selenium\selenium-htmlunit-driver\2.51.0\selenium-htmlunit-driver-2.51.0.jar, C:\Users\ok.tyurin\.m2\repository\net\sourceforge\htmlunit\htmlunit\2.18\htmlunit-2.18.jar, C:\Users\ok.tyurin\.m2\repository\xalan\xalan\2.7.2\xalan-2.7.2.jar, C:\Users\ok.tyurin\.m2\repository\xalan\serializer\2.7.2\serializer-2.7.2.jar, C:\Users\ok.tyurin\.m2\repository\org\apache\commons\commons-lang3\3.4\commons-lang3-3.4.jar, C:\Users\ok.tyurin\.m2\repository\org\apache\httpcomponents\httpmime\4.5\httpmime-4.5.jar, C:\Users\ok.tyurin\.m2\repository\net\sourceforge\htmlunit\htmlunit-core-js\2.17\htmlunit-core-js-2.17.jar, C:\Users\ok.tyurin\.m2\repository\xerces\xercesImpl\2.11.0\xercesImpl-2.11.0.jar, C:\Users\ok.tyurin\.m2\repository\xml-apis\xml-apis\1.4.01\xml-apis-1.4.01.jar, C:\Users\ok.tyurin\.m2\repository\net\sourceforge\nekohtml\nekohtml\1.9.22\nekohtml-1.9.22.jar, C:\Users\ok.tyurin\.m2\repository\net\sourceforge\cssparser\cssparser\0.9.16\cssparser-0.9.16.jar, C:\Users\ok.tyurin\.m2\repository\org\w3c\css\sac\1.3\sac-1.3.jar, C:\Users\ok.tyurin\.m2\repository\commons-logging\commons-logging\1.2\commons-logging-1.2.jar, C:\Users\ok.tyurin\.m2\repository\org\eclipse\jetty\websocket\websocket-client\9.2.12.v20150709\websocket-client-9.2.12.v20150709.jar, C:\Users\ok.tyurin\.m2\repository\org\eclipse\jetty\jetty-util\9.2.12.v20150709\jetty-util-9.2.12.v20150709.jar, C:\Users\ok.tyurin\.m2\repository\org\eclipse\jetty\jetty-io\9.2.12.v20150709\jetty-io-9.2.12.v20150709.jar, C:\Users\ok.tyurin\.m2\repository\org\eclipse\jetty\websocket\websocket-common\9.2.12.v20150709\websocket-common-9.2.12.v20150709.jar, C:\Users\ok.tyurin\.m2\repository\org\eclipse\jetty\websocket\websocket-api\9.2.12.v20150709\websocket-api-9.2.12.v20150709.jar, C:\Users\ok.tyurin\.m2\repository\commons-collections\commons-collections\3.2.2\commons-collections-3.2.2.jar, C:\Users\ok.tyurin\.m2\repository\org\apache\httpcomponents\httpclient\4.5.1\httpclient-4.5.1.jar, C:\Users\ok.tyurin\.m2\repository\org\apache\httpcomponents\httpcore\4.4.3\httpcore-4.4.3.jar, C:\Users\ok.tyurin\.m2\repository\org\seleniumhq\selenium\selenium-firefox-driver\2.51.0\selenium-firefox-driver-2.51.0.jar, C:\Users\ok.tyurin\.m2\repository\org\seleniumhq\selenium\selenium-ie-driver\2.51.0\selenium-ie-driver-2.51.0.jar, C:\Users\ok.tyurin\.m2\repository\net\java\dev\jna\jna\4.1.0\jna-4.1.0.jar, C:\Users\ok.tyurin\.m2\repository\net\java\dev\jna\jna-platform\4.1.0\jna-platform-4.1.0.jar, C:\Users\ok.tyurin\.m2\repository\org\seleniumhq\selenium\selenium-safari-driver\2.51.0\selenium-safari-driver-2.51.0.jar, C:\Users\ok.tyurin\.m2\repository\org\seleniumhq\selenium\selenium-support\2.51.0\selenium-support-2.51.0.jar, C:\Users\ok.tyurin\.m2\repository\org\webbitserver\webbit\0.4.14\webbit-0.4.14.jar, C:\Users\ok.tyurin\.m2\repository\io\netty\netty\3.5.2.Final\netty-3.5.2.Final.jar, C:\Users\ok.tyurin\.m2\repository\org\seleniumhq\selenium\selenium-leg-rc\2.51.0\selenium-leg-rc-2.51.0.jar, C:\Users\ok.tyurin\.m2\repository\com\codeborne\phantomjsdriver\1.2.1\phantomjsdriver-1.2.1.jar, C:\Users\ok.tyurin\.m2\repository\org\seleniumhq\selenium\selenium-server\2.47.1\selenium-server-2.47.1.jar, C:\Users\ok.tyurin\.m2\repository\org\bouncycastle\bcprov-jdk15on\1.48\bcprov-jdk15on-1.48.jar, C:\Users\ok.tyurin\.m2\repository\org\bouncycastle\bcpkix-jdk15on\1.48\bcpkix-jdk15on-1.48.jar, C:\Users\ok.tyurin\.m2\repository\mx4j\mx4j-tools\3.0.1\mx4j-tools-3.0.1.jar, C:\Users\ok.tyurin\.m2\repository\org\mortbay\jetty\servlet-api-2.5\6.1.9\servlet-api-2.5-6.1.9.jar, C:\Users\ok.tyurin\.m2\repository\org\seleniumhq\selenium\jetty-repacked\7.6.1\jetty-repacked-7.6.1.jar, C:\Users\ok.tyurin\.m2\repository\org\seleniumhq\selenium\jetty-rc-repacked\5\jetty-rc-repacked-5.jar, C:\Users\ok.tyurin\.m2\repository\net\jcip\jcip-annotations\1.0\jcip-annotations-1.0.jar, C:\Users\ok.tyurin\.m2\repository\org\yaml\snakeyaml\1.8\snakeyaml-1.8.jar, C:\Users\ok.tyurin\.m2\repository\commons-codec\commons-codec\1.10\commons-codec-1.10.jar]
[DEBUG]   (f) compileSourceRoots = [C:\Selenium\tools\archetype\Se-Java-17-TyurinOK\src\test\java]
[DEBUG]   (f) compilerId = javac
[DEBUG]   (f) debug = true
[DEBUG]   (f) failOnError = true
[DEBUG]   (f) forceJavacCompilerUse = false
[DEBUG]   (f) fork = false
[DEBUG]   (f) generatedTestSourcesDirectory = C:\Selenium\tools\archetype\Se-Java-17-TyurinOK\target\generated-test-sources\test-annotations
[DEBUG]   (f) mojoExecution = org.apache.maven.plugins:maven-compiler-plugin:3.1:testCompile {execution: default-testCompile}
[DEBUG]   (f) optimize = false
[DEBUG]   (f) outputDirectory = C:\Selenium\tools\archetype\Se-Java-17-TyurinOK\target\test-classes
[DEBUG]   (f) showDeprecation = false
[DEBUG]   (f) showWarnings = false
[DEBUG]   (f) skipMultiThreadWarning = false
[DEBUG]   (f) source = 1.6
[DEBUG]   (f) staleMillis = 0
[DEBUG]   (f) target = 1.6
[DEBUG]   (f) useIncrementalCompilation = true
[DEBUG]   (f) verbose = false
[DEBUG]   (f) mavenSession = org.apache.maven.execution.MavenSession@5bd73d1a
[DEBUG]   (f) session = org.apache.maven.execution.MavenSession@5bd73d1a
[DEBUG] -- end configuration --
[DEBUG] Using compiler 'javac'.
[DEBUG] Source directories: [C:\Selenium\tools\archetype\Se-Java-17-TyurinOK\src\test\java]
[DEBUG] Classpath: [C:\Selenium\tools\archetype\Se-Java-17-TyurinOK\target\test-classes
 C:\Selenium\tools\archetype\Se-Java-17-TyurinOK\target\classes
 C:\Users\ok.tyurin\.m2\repository\org\testng\testng\6.9.4\testng-6.9.4.jar
 C:\Users\ok.tyurin\.m2\repository\org\beanshell\bsh\2.0b4\bsh-2.0b4.jar
 C:\Users\ok.tyurin\.m2\repository\com\beust\jcommander\1.48\jcommander-1.48.jar
 C:\Users\ok.tyurin\.m2\repository\junit\junit\4.12\junit-4.12.jar
 C:\Users\ok.tyurin\.m2\repository\org\hamcrest\hamcrest-core\1.3\hamcrest-core-1.3.jar
 C:\Users\ok.tyurin\.m2\repository\ru\stqa\selenium\webdriver-factory\1.1.51\webdriver-factory-1.1.51.jar
 C:\Users\ok.tyurin\.m2\repository\org\seleniumhq\selenium\selenium-java\2.51.0\selenium-java-2.51.0.jar
 C:\Users\ok.tyurin\.m2\repository\org\seleniumhq\selenium\selenium-chrome-driver\2.51.0\selenium-chrome-driver-2.51.0.jar
 C:\Users\ok.tyurin\.m2\repository\org\seleniumhq\selenium\selenium-remote-driver\2.51.0\selenium-remote-driver-2.51.0.jar
 C:\Users\ok.tyurin\.m2\repository\cglib\cglib-nodep\2.1_3\cglib-nodep-2.1_3.jar
 C:\Users\ok.tyurin\.m2\repository\com\google\code\gson\gson\2.3.1\gson-2.3.1.jar
 C:\Users\ok.tyurin\.m2\repository\org\seleniumhq\selenium\selenium-api\2.51.0\selenium-api-2.51.0.jar
 C:\Users\ok.tyurin\.m2\repository\com\google\guava\guava\19.0\guava-19.0.jar
 C:\Users\ok.tyurin\.m2\repository\org\seleniumhq\selenium\selenium-edge-driver\2.51.0\selenium-edge-driver-2.51.0.jar
 C:\Users\ok.tyurin\.m2\repository\commons-io\commons-io\2.4\commons-io-2.4.jar
 C:\Users\ok.tyurin\.m2\repository\org\apache\commons\commons-exec\1.3\commons-exec-1.3.jar
 C:\Users\ok.tyurin\.m2\repository\org\seleniumhq\selenium\selenium-htmlunit-driver\2.51.0\selenium-htmlunit-driver-2.51.0.jar
 C:\Users\ok.tyurin\.m2\repository\net\sourceforge\htmlunit\htmlunit\2.18\htmlunit-2.18.jar
 C:\Users\ok.tyurin\.m2\repository\xalan\xalan\2.7.2\xalan-2.7.2.jar
 C:\Users\ok.tyurin\.m2\repository\xalan\serializer\2.7.2\serializer-2.7.2.jar
 C:\Users\ok.tyurin\.m2\repository\org\apache\commons\commons-lang3\3.4\commons-lang3-3.4.jar
 C:\Users\ok.tyurin\.m2\repository\org\apache\httpcomponents\httpmime\4.5\httpmime-4.5.jar
 C:\Users\ok.tyurin\.m2\repository\net\sourceforge\htmlunit\htmlunit-core-js\2.17\htmlunit-core-js-2.17.jar
 C:\Users\ok.tyurin\.m2\repository\xerces\xercesImpl\2.11.0\xercesImpl-2.11.0.jar
 C:\Users\ok.tyurin\.m2\repository\xml-apis\xml-apis\1.4.01\xml-apis-1.4.01.jar
 C:\Users\ok.tyurin\.m2\repository\net\sourceforge\nekohtml\nekohtml\1.9.22\nekohtml-1.9.22.jar
 C:\Users\ok.tyurin\.m2\repository\net\sourceforge\cssparser\cssparser\0.9.16\cssparser-0.9.16.jar
 C:\Users\ok.tyurin\.m2\repository\org\w3c\css\sac\1.3\sac-1.3.jar
 C:\Users\ok.tyurin\.m2\repository\commons-logging\commons-logging\1.2\commons-logging-1.2.jar
 C:\Users\ok.tyurin\.m2\repository\org\eclipse\jetty\websocket\websocket-client\9.2.12.v20150709\websocket-client-9.2.12.v20150709.jar
 C:\Users\ok.tyurin\.m2\repository\org\eclipse\jetty\jetty-util\9.2.12.v20150709\jetty-util-9.2.12.v20150709.jar
 C:\Users\ok.tyurin\.m2\repository\org\eclipse\jetty\jetty-io\9.2.12.v20150709\jetty-io-9.2.12.v20150709.jar
 C:\Users\ok.tyurin\.m2\repository\org\eclipse\jetty\websocket\websocket-common\9.2.12.v20150709\websocket-common-9.2.12.v20150709.jar
 C:\Users\ok.tyurin\.m2\repository\org\eclipse\jetty\websocket\websocket-api\9.2.12.v20150709\websocket-api-9.2.12.v20150709.jar
 C:\Users\ok.tyurin\.m2\repository\commons-collections\commons-collections\3.2.2\commons-collections-3.2.2.jar
 C:\Users\ok.tyurin\.m2\repository\org\apache\httpcomponents\httpclient\4.5.1\httpclient-4.5.1.jar
 C:\Users\ok.tyurin\.m2\repository\org\apache\httpcomponents\httpcore\4.4.3\httpcore-4.4.3.jar
 C:\Users\ok.tyurin\.m2\repository\org\seleniumhq\selenium\selenium-firefox-driver\2.51.0\selenium-firefox-driver-2.51.0.jar
 C:\Users\ok.tyurin\.m2\repository\org\seleniumhq\selenium\selenium-ie-driver\2.51.0\selenium-ie-driver-2.51.0.jar
 C:\Users\ok.tyurin\.m2\repository\net\java\dev\jna\jna\4.1.0\jna-4.1.0.jar
 C:\Users\ok.tyurin\.m2\repository\net\java\dev\jna\jna-platform\4.1.0\jna-platform-4.1.0.jar
 C:\Users\ok.tyurin\.m2\repository\org\seleniumhq\selenium\selenium-safari-driver\2.51.0\selenium-safari-driver-2.51.0.jar
 C:\Users\ok.tyurin\.m2\repository\org\seleniumhq\selenium\selenium-support\2.51.0\selenium-support-2.51.0.jar
 C:\Users\ok.tyurin\.m2\repository\org\webbitserver\webbit\0.4.14\webbit-0.4.14.jar
 C:\Users\ok.tyurin\.m2\repository\io\netty\netty\3.5.2.Final\netty-3.5.2.Final.jar
 C:\Users\ok.tyurin\.m2\repository\org\seleniumhq\selenium\selenium-leg-rc\2.51.0\selenium-leg-rc-2.51.0.jar
 C:\Users\ok.tyurin\.m2\repository\com\codeborne\phantomjsdriver\1.2.1\phantomjsdriver-1.2.1.jar
 C:\Users\ok.tyurin\.m2\repository\org\seleniumhq\selenium\selenium-server\2.47.1\selenium-server-2.47.1.jar
 C:\Users\ok.tyurin\.m2\repository\org\bouncycastle\bcprov-jdk15on\1.48\bcprov-jdk15on-1.48.jar
 C:\Users\ok.tyurin\.m2\repository\org\bouncycastle\bcpkix-jdk15on\1.48\bcpkix-jdk15on-1.48.jar
 C:\Users\ok.tyurin\.m2\repository\mx4j\mx4j-tools\3.0.1\mx4j-tools-3.0.1.jar
 C:\Users\ok.tyurin\.m2\repository\org\mortbay\jetty\servlet-api-2.5\6.1.9\servlet-api-2.5-6.1.9.jar
 C:\Users\ok.tyurin\.m2\repository\org\seleniumhq\selenium\jetty-repacked\7.6.1\jetty-repacked-7.6.1.jar
 C:\Users\ok.tyurin\.m2\repository\org\seleniumhq\selenium\jetty-rc-repacked\5\jetty-rc-repacked-5.jar
 C:\Users\ok.tyurin\.m2\repository\net\jcip\jcip-annotations\1.0\jcip-annotations-1.0.jar
 C:\Users\ok.tyurin\.m2\repository\org\yaml\snakeyaml\1.8\snakeyaml-1.8.jar
 C:\Users\ok.tyurin\.m2\repository\commons-codec\commons-codec\1.10\commons-codec-1.10.jar]
[DEBUG] Output directory: C:\Selenium\tools\archetype\Se-Java-17-TyurinOK\target\test-classes
[DEBUG] CompilerReuseStrategy: reuseCreated
[DEBUG] useIncrementalCompilation enabled
[INFO] Nothing to compile - all classes are up to date
[INFO]
[INFO] --- maven-surefire-plugin:2.16:test (default-test) @ java.selenium.training ---
[DEBUG] Dependency collection stats: {ConflictMarker.analyzeTime=1, ConflictMarker.markTime=0, ConflictMarker.nodeCount=98, ConflictIdSorter.graphTime=0, ConflictIdSorter.topsortTime=0, ConflictIdSorter.conflictIdCount=26, ConflictIdSorter.conflictIdCycleCount=0, ConflictResolver.totalTime=2, ConflictResolver.conflictItemCount=69, DefaultDependencyCollector.collectTime=66, DefaultDependencyCollector.transformTime=3}
[DEBUG] org.apache.maven.plugins:maven-surefire-plugin:jar:2.16:
[DEBUG]    org.apache.maven:maven-plugin-api:jar:2.0.9:compile
[DEBUG]    org.apache.maven.surefire:maven-surefire-common:jar:2.16:compile
[DEBUG]       org.apache.maven.surefire:surefire-booter:jar:2.16:compile
[DEBUG]       org.apache.maven:maven-artifact:jar:2.0.9:compile
[DEBUG]          org.codehaus.plexus:plexus-utils:jar:1.5.1:compile
[DEBUG]       org.apache.maven:maven-plugin-descriptor:jar:2.0.9:compile
[DEBUG]          org.codehaus.plexus:plexus-container-default:jar:1.0-alpha-9-stable-1:compile
[DEBUG]             junit:junit:jar:3.8.1:test
[DEBUG]       org.apache.maven:maven-project:jar:2.0.9:compile
[DEBUG]          org.apache.maven:maven-settings:jar:2.0.9:compile
[DEBUG]          org.apache.maven:maven-profile:jar:2.0.9:compile
[DEBUG]          org.apache.maven:maven-artifact-manager:jar:2.0.9:compile
[DEBUG]          org.apache.maven:maven-plugin-registry:jar:2.0.9:compile
[DEBUG]       org.apache.maven:maven-model:jar:2.0.9:compile
[DEBUG]       org.apache.maven:maven-core:jar:2.0.9:compile
[DEBUG]          org.apache.maven:maven-plugin-parameter-documenter:jar:2.0.9:compile
[DEBUG]          org.apache.maven.reporting:maven-reporting-api:jar:2.0.9:compile
[DEBUG]          org.apache.maven:maven-repository-metadata:jar:2.0.9:compile
[DEBUG]          org.apache.maven:maven-error-diagnostics:jar:2.0.9:compile
[DEBUG]          org.apache.maven:maven-monitor:jar:2.0.9:compile
[DEBUG]          classworlds:classworlds:jar:1.1:compile
[DEBUG]       org.apache.commons:commons-lang3:jar:3.1:compile
[DEBUG]    org.apache.maven.surefire:surefire-api:jar:2.16:compile
[DEBUG]    org.apache.maven:maven-toolchain:jar:2.0.9:compile
[DEBUG]    org.apache.maven.plugin-tools:maven-plugin-annotations:jar:3.2:compile
[DEBUG] Created new class realm plugin>org.apache.maven.plugins:maven-surefire-plugin:2.16
[DEBUG] Importing foreign packages into class realm plugin>org.apache.maven.plugins:maven-surefire-plugin:2.16
[DEBUG]   Imported:  < maven.api
[DEBUG] Populating class realm plugin>org.apache.maven.plugins:maven-surefire-plugin:2.16
[DEBUG]   Included: org.apache.maven.plugins:maven-surefire-plugin:jar:2.16
[DEBUG]   Included: org.apache.maven.surefire:maven-surefire-common:jar:2.16
[DEBUG]   Included: org.apache.maven.surefire:surefire-booter:jar:2.16
[DEBUG]   Included: org.codehaus.plexus:plexus-utils:jar:1.5.1
[DEBUG]   Included: org.apache.maven.reporting:maven-reporting-api:jar:2.0.9
[DEBUG]   Included: org.apache.commons:commons-lang3:jar:3.1
[DEBUG]   Included: org.apache.maven.surefire:surefire-api:jar:2.16
[DEBUG]   Included: org.apache.maven.plugin-tools:maven-plugin-annotations:jar:3.2
[DEBUG] Configuring mojo org.apache.maven.plugins:maven-surefire-plugin:2.16:test from plugin realm ClassRealm[plugin>org.apache.maven.plugins:maven-surefire-plugin:2.16, parent: sun.misc.Launcher$AppClassLoader@70dea4e]
[DEBUG] Configuring mojo 'org.apache.maven.plugins:maven-surefire-plugin:2.16:test' with basic configurator -->
[DEBUG]   (s) additionalClasspathElements = []
[DEBUG]   (s) basedir = C:\Selenium\tools\archetype\Se-Java-17-TyurinOK
[DEBUG]   (s) childDelegation = false
[DEBUG]   (s) classesDirectory = C:\Selenium\tools\archetype\Se-Java-17-TyurinOK\target\classes
[DEBUG]   (s) classpathDependencyExcludes = []
[DEBUG]   (s) dependenciesToScan = []
[DEBUG]   (s) disableXmlReport = false
[DEBUG]   (s) enableAssertions = true
[DEBUG]   (f) forkCount = 1
[DEBUG]   (s) forkMode = once
[DEBUG]   (s) junitArtifactName = junit:junit
[DEBUG]   (s) localRepository =       id: local
      url: file:///C:/Users/ok.tyurin/.m2/repository/
   layout: default
snapshots: [enabled => true, update => always]
 releases: [enabled => true, update => always]

[DEBUG]   (f) parallelMavenExecution = false
[DEBUG]   (s) perCoreThreadCount = true
[DEBUG]   (s) pluginArtifactMap = {org.apache.maven.plugins:maven-surefire-plugin=org.apache.maven.plugins:maven-surefire-plugin:maven-plugin:2.16:, org.apache.maven:maven-plugin-api=org.apache.maven:maven-plugin-api:jar:2.0.9:compile, org.apache.maven.surefire:maven-surefire-common=org.apache.maven.surefire:maven-surefire-common:jar:2.16:compile, org.apache.maven.surefire:surefire-booter=org.apache.maven.surefire:surefire-booter:jar:2.16:compile, org.apache.maven:maven-artifact=org.apache.maven:maven-artifact:jar:2.0.9:compile, org.codehaus.plexus:plexus-utils=org.codehaus.plexus:plexus-utils:jar:1.5.1:compile, org.apache.maven:maven-plugin-descriptor=org.apache.maven:maven-plugin-descriptor:jar:2.0.9:compile, org.codehaus.plexus:plexus-container-default=org.codehaus.plexus:plexus-container-default:jar:1.0-alpha-9-stable-1:compile, org.apache.maven:maven-project=org.apache.maven:maven-project:jar:2.0.9:compile, org.apache.maven:maven-settings=org.apache.maven:maven-settings:jar:2.0.9:compile, org.apache.maven:maven-profile=org.apache.maven:maven-profile:jar:2.0.9:compile, org.apache.maven:maven-artifact-manager=org.apache.maven:maven-artifact-manager:jar:2.0.9:compile, org.apache.maven:maven-plugin-registry=org.apache.maven:maven-plugin-registry:jar:2.0.9:compile, org.apache.maven:maven-model=org.apache.maven:maven-model:jar:2.0.9:compile, org.apache.maven:maven-core=org.apache.maven:maven-core:jar:2.0.9:compile, org.apache.maven:maven-plugin-parameter-documenter=org.apache.maven:maven-plugin-parameter-documenter:jar:2.0.9:compile, org.apache.maven.reporting:maven-reporting-api=org.apache.maven.reporting:maven-reporting-api:jar:2.0.9:compile, org.apache.maven:maven-repository-metadata=org.apache.maven:maven-repository-metadata:jar:2.0.9:compile, org.apache.maven:maven-error-diagnostics=org.apache.maven:maven-error-diagnostics:jar:2.0.9:compile, org.apache.maven:maven-monitor=org.apache.maven:maven-monitor:jar:2.0.9:compile, classworlds:classworlds=classworlds:classworlds:jar:1.1:compile, org.apache.commons:commons-lang3=org.apache.commons:commons-lang3:jar:3.1:compile, org.apache.maven.surefire:surefire-api=org.apache.maven.surefire:surefire-api:jar:2.16:compile, org.apache.maven:maven-toolchain=org.apache.maven:maven-toolchain:jar:2.0.9:compile, org.apache.maven.plugin-tools:maven-plugin-annotations=org.apache.maven.plugin-tools:maven-plugin-annotations:jar:3.2:compile}
[DEBUG]   (f) pluginDescriptor = Component Descriptor: role: 'org.apache.maven.plugin.Mojo', implementation: 'org.apache.maven.plugin.surefire.SurefirePlugin', role hint: 'org.apache.maven.plugins:maven-surefire-plugin:2.16:test'
role: 'org.apache.maven.plugin.Mojo', implementation: 'org.apache.maven.plugin.surefire.HelpMojo', role hint: 'org.apache.maven.plugins:maven-surefire-plugin:2.16:help'
---
[DEBUG]   (s) printSummary = true
[DEBUG]   (s) projectArtifactMap = {org.testng:testng=org.testng:testng:jar:6.9.4:compile, org.beanshell:bsh=org.beanshell:bsh:jar:2.0b4:compile, com.beust:jcommander=com.beust:jcommander:jar:1.48:compile, junit:junit=junit:junit:jar:4.12:compile, org.hamcrest:hamcrest-core=org.hamcrest:hamcrest-core:jar:1.3:compile, ru.stqa.selenium:webdriver-factory=ru.stqa.selenium:webdriver-factory:jar:1.1.51:compile, org.seleniumhq.selenium:selenium-java=org.seleniumhq.selenium:selenium-java:jar:2.51.0:compile, org.seleniumhq.selenium:selenium-chrome-driver=org.seleniumhq.selenium:selenium-chrome-driver:jar:2.51.0:compile, org.seleniumhq.selenium:selenium-remote-driver=org.seleniumhq.selenium:selenium-remote-driver:jar:2.51.0:compile, cglib:cglib-nodep=cglib:cglib-nodep:jar:2.1_3:compile, com.google.code.gson:gson=com.google.code.gson:gson:jar:2.3.1:compile, org.seleniumhq.selenium:selenium-api=org.seleniumhq.selenium:selenium-api:jar:2.51.0:compile, com.google.guava:guava=com.google.guava:guava:jar:19.0:compile, org.seleniumhq.selenium:selenium-edge-driver=org.seleniumhq.selenium:selenium-edge-driver:jar:2.51.0:compile, commons-io:commons-io=commons-io:commons-io:jar:2.4:compile, org.apache.commons:commons-exec=org.apache.commons:commons-exec:jar:1.3:compile, org.seleniumhq.selenium:selenium-htmlunit-driver=org.seleniumhq.selenium:selenium-htmlunit-driver:jar:2.51.0:compile, net.sourceforge.htmlunit:htmlunit=net.sourceforge.htmlunit:htmlunit:jar:2.18:compile, xalan:xalan=xalan:xalan:jar:2.7.2:compile, xalan:serializer=xalan:serializer:jar:2.7.2:compile, org.apache.commons:commons-lang3=org.apache.commons:commons-lang3:jar:3.4:compile, org.apache.httpcomponents:httpmime=org.apache.httpcomponents:httpmime:jar:4.5:compile, net.sourceforge.htmlunit:htmlunit-core-js=net.sourceforge.htmlunit:htmlunit-core-js:jar:2.17:compile, xerces:xercesImpl=xerces:xercesImpl:jar:2.11.0:compile, xml-apis:xml-apis=xml-apis:xml-apis:jar:1.4.01:compile, net.sourceforge.nekohtml:nekohtml=net.sourceforge.nekohtml:nekohtml:jar:1.9.22:compile, net.sourceforge.cssparser:cssparser=net.sourceforge.cssparser:cssparser:jar:0.9.16:compile, org.w3c.css:sac=org.w3c.css:sac:jar:1.3:compile, commons-logging:commons-logging=commons-logging:commons-logging:jar:1.2:compile, org.eclipse.jetty.websocket:websocket-client=org.eclipse.jetty.websocket:websocket-client:jar:9.2.12.v20150709:compile, org.eclipse.jetty:jetty-util=org.eclipse.jetty:jetty-util:jar:9.2.12.v20150709:compile, org.eclipse.jetty:jetty-io=org.eclipse.jetty:jetty-io:jar:9.2.12.v20150709:compile, org.eclipse.jetty.websocket:websocket-common=org.eclipse.jetty.websocket:websocket-common:jar:9.2.12.v20150709:compile, org.eclipse.jetty.websocket:websocket-api=org.eclipse.jetty.websocket:websocket-api:jar:9.2.12.v20150709:compile, commons-collections:commons-collections=commons-collections:commons-collections:jar:3.2.2:compile, org.apache.httpcomponents:httpclient=org.apache.httpcomponents:httpclient:jar:4.5.1:compile, org.apache.httpcomponents:httpcore=org.apache.httpcomponents:httpcore:jar:4.4.3:compile, org.seleniumhq.selenium:selenium-firefox-driver=org.seleniumhq.selenium:selenium-firefox-driver:jar:2.51.0:compile, org.seleniumhq.selenium:selenium-ie-driver=org.seleniumhq.selenium:selenium-ie-driver:jar:2.51.0:compile, net.java.dev.jna:jna=net.java.dev.jna:jna:jar:4.1.0:compile, net.java.dev.jna:jna-platform=net.java.dev.jna:jna-platform:jar:4.1.0:compile, org.seleniumhq.selenium:selenium-safari-driver=org.seleniumhq.selenium:selenium-safari-driver:jar:2.51.0:compile, org.seleniumhq.selenium:selenium-support=org.seleniumhq.selenium:selenium-support:jar:2.51.0:compile, org.webbitserver:webbit=org.webbitserver:webbit:jar:0.4.14:compile, io.netty:netty=io.netty:netty:jar:3.5.2.Final:compile, org.seleniumhq.selenium:selenium-leg-rc=org.seleniumhq.selenium:selenium-leg-rc:jar:2.51.0:compile, com.codeborne:phantomjsdriver=com.codeborne:phantomjsdriver:jar:1.2.1:compile, org.seleniumhq.selenium:selenium-server=org.seleniumhq.selenium:selenium-server:jar:2.47.1:compile, org.bouncycastle:bcprov-jdk15on=org.bouncycastle:bcprov-jdk15on:jar:1.48:compile, org.bouncycastle:bcpkix-jdk15on=org.bouncycastle:bcpkix-jdk15on:jar:1.48:compile, mx4j:mx4j-tools=mx4j:mx4j-tools:jar:3.0.1:compile, org.mortbay.jetty:servlet-api-2.5=org.mortbay.jetty:servlet-api-2.5:jar:6.1.9:compile, org.seleniumhq.selenium:jetty-repacked=org.seleniumhq.selenium:jetty-repacked:jar:7.6.1:compile, org.seleniumhq.selenium:jetty-rc-repacked=org.seleniumhq.selenium:jetty-rc-repacked:jar:5:compile, net.jcip:jcip-annotations=net.jcip:jcip-annotations:jar:1.0:compile, org.yaml:snakeyaml=org.yaml:snakeyaml:jar:1.8:compile, commons-codec:commons-codec=commons-codec:commons-codec:jar:1.10:compile}
[DEBUG]   (s) redirectTestOutputToFile = false
[DEBUG]   (s) remoteRepositories = [      id: central
      url: https://repo.maven.apache.org/maven2
   layout: default
snapshots: [enabled => false, update => daily]
 releases: [enabled => true, update => never]
]
[DEBUG]   (s) reportFormat = brief
[DEBUG]   (s) reportsDirectory = C:\Selenium\tools\archetype\Se-Java-17-TyurinOK\target\surefire-reports
[DEBUG]   (f) reuseForks = true
[DEBUG]   (s) runOrder = filesystem
[DEBUG]   (s) skip = false
[DEBUG]   (s) skipTests = false
[DEBUG]   (s) suiteXmlFiles = [C:\Selenium\tools\archetype\Se-Java-17-TyurinOK\src\test\resources\testng.xml]
[DEBUG]   (s) testClassesDirectory = C:\Selenium\tools\archetype\Se-Java-17-TyurinOK\target\test-classes
[DEBUG]   (s) testFailureIgnore = false
[DEBUG]   (s) testNGArtifactName = org.testng:testng
[DEBUG]   (s) testSourceDirectory = C:\Selenium\tools\archetype\Se-Java-17-TyurinOK\src\test\java
[DEBUG]   (s) threadCountClasses = 0
[DEBUG]   (s) threadCountMethods = 0
[DEBUG]   (s) threadCountSuites = 0
[DEBUG]   (s) trimStackTrace = true
[DEBUG]   (s) useFile = true
[DEBUG]   (s) useManifestOnlyJar = true
[DEBUG]   (s) useSystemClassLoader = true
[DEBUG]   (s) useUnlimitedThreads = false
[DEBUG]   (s) workingDirectory = C:\Selenium\tools\archetype\Se-Java-17-TyurinOK
[DEBUG]   (s) project = MavenProject: ru.st.selenium:java.selenium.training:1.0-SNAPSHOT @ C:\Selenium\tools\archetype\Se-Java-17-TyurinOK\pom.xml
[DEBUG]   (s) session = org.apache.maven.execution.MavenSession@5bd73d1a
[DEBUG] -- end configuration --
[INFO] Surefire report directory: C:\Selenium\tools\archetype\Se-Java-17-TyurinOK\target\surefire-reports
[DEBUG] Setting system property [user.dir]=[C:\Selenium\tools\archetype\Se-Java-17-TyurinOK]
[DEBUG] Setting system property [localRepository]=[C:\Users\ok.tyurin\.m2\repository]
[DEBUG] Setting system property [basedir]=[C:\Selenium\tools\archetype\Se-Java-17-TyurinOK]
[DEBUG] dummy:dummy:jar:1.0 (selected for null)
[DEBUG]   org.apache.maven.surefire:surefire-booter:jar:2.16:compile (selected for compile)
[DEBUG]     org.apache.maven.surefire:surefire-api:jar:2.16:compile (selected for compile)
[DEBUG] Adding to surefire booter test classpath: C:\Users\ok.tyurin\.m2\repository\org\apache\maven\surefire\surefire-booter\2.16\surefire-booter-2.16.jar Scope: compile
[DEBUG] Adding to surefire booter test classpath: C:\Users\ok.tyurin\.m2\repository\org\apache\maven\surefire\surefire-api\2.16\surefire-api-2.16.jar Scope: compile
[DEBUG] Using JVM: C:\Program Files\Java\jdk1.8.0_60\jre\bin\java
[DEBUG] dummy:dummy:jar:1.0 (selected for null)
[DEBUG]   org.apache.maven.surefire:surefire-testng:jar:2.16:test (selected for test)
[DEBUG]     org.apache.maven.surefire:common-java5:jar:2.16:test (selected for test)
[DEBUG]       org.apache.maven.surefire:surefire-api:jar:2.16:test (selected for test)
[DEBUG]     org.testng:testng:jar:jdk15:5.7:test (selected for test)
[DEBUG]       junit:junit:jar:3.8.1:test (selected for test)
[DEBUG]     org.apache.maven.surefire:surefire-api:jar:2.16:test (selected for test)
[DEBUG] Adding to surefire test classpath: C:\Users\ok.tyurin\.m2\repository\org\apache\maven\surefire\surefire-testng\2.16\surefire-testng-2.16.jar Scope: test
[DEBUG] Adding to surefire test classpath: C:\Users\ok.tyurin\.m2\repository\org\apache\maven\surefire\common-java5\2.16\common-java5-2.16.jar Scope: test
[DEBUG] Adding to surefire test classpath: C:\Users\ok.tyurin\.m2\repository\org\apache\maven\surefire\surefire-api\2.16\surefire-api-2.16.jar Scope: test
[DEBUG] test classpath:  C:\Selenium\tools\archetype\Se-Java-17-TyurinOK\target\test-classes  C:\Selenium\tools\archetype\Se-Java-17-TyurinOK\target\classes  C:\Users\ok.tyurin\.m2\repository\org\testng\testng\6.9.4\testng-6.9.4.jar  C:\Users\ok.tyurin\.m2\repository\org\beanshell\bsh\2.0b4\bsh-2.0b4.jar  C:\Users\ok.tyurin\.m2\repository\com\beust\jcommander\1.48\jcommander-1.48.jar  C:\Users\ok.tyurin\.m2\repository\junit\junit\4.12\junit-4.12.jar  C:\Users\ok.tyurin\.m2\repository\org\hamcrest\hamcrest-core\1.3\hamcrest-core-1.3.jar  C:\Users\ok.tyurin\.m2\repository\ru\stqa\selenium\webdriver-factory\1.1.51\webdriver-factory-1.1.51.jar  C:\Users\ok.tyurin\.m2\repository\org\seleniumhq\selenium\selenium-java\2.51.0\selenium-java-2.51.0.jar  C:\Users\ok.tyurin\.m2\repository\org\seleniumhq\selenium\selenium-chrome-driver\2.51.0\selenium-chrome-driver-2.51.0.jar  C:\Users\ok.tyurin\.m2\repository\org\seleniumhq\selenium\selenium-remote-driver\2.51.0\selenium-remote-driver-2.51.0.jar  C:\Users\ok.tyurin\.m2\repository\cglib\cglib-nodep\2.1_3\cglib-nodep-2.1_3.jar  C:\Users\ok.tyurin\.m2\repository\com\google\code\gson\gson\2.3.1\gson-2.3.1.jar  C:\Users\ok.tyurin\.m2\repository\org\seleniumhq\selenium\selenium-api\2.51.0\selenium-api-2.51.0.jar  C:\Users\ok.tyurin\.m2\repository\com\google\guava\guava\19.0\guava-19.0.jar  C:\Users\ok.tyurin\.m2\repository\org\seleniumhq\selenium\selenium-edge-driver\2.51.0\selenium-edge-driver-2.51.0.jar  C:\Users\ok.tyurin\.m2\repository\commons-io\commons-io\2.4\commons-io-2.4.jar  C:\Users\ok.tyurin\.m2\repository\org\apache\commons\commons-exec\1.3\commons-exec-1.3.jar  C:\Users\ok.tyurin\.m2\repository\org\seleniumhq\selenium\selenium-htmlunit-driver\2.51.0\selenium-htmlunit-driver-2.51.0.jar  C:\Users\ok.tyurin\.m2\repository\net\sourceforge\htmlunit\htmlunit\2.18\htmlunit-2.18.jar  C:\Users\ok.tyurin\.m2\repository\xalan\xalan\2.7.2\xalan-2.7.2.jar  C:\Users\ok.tyurin\.m2\repository\xalan\serializer\2.7.2\serializer-2.7.2.jar  C:\Users\ok.tyurin\.m2\repository\org\apache\commons\commons-lang3\3.4\commons-lang3-3.4.jar  C:\Users\ok.tyurin\.m2\repository\org\apache\httpcomponents\httpmime\4.5\httpmime-4.5.jar  C:\Users\ok.tyurin\.m2\repository\net\sourceforge\htmlunit\htmlunit-core-js\2.17\htmlunit-core-js-2.17.jar  C:\Users\ok.tyurin\.m2\repository\xerces\xercesImpl\2.11.0\xercesImpl-2.11.0.jar  C:\Users\ok.tyurin\.m2\repository\xml-apis\xml-apis\1.4.01\xml-apis-1.4.01.jar  C:\Users\ok.tyurin\.m2\repository\net\sourceforge\nekohtml\nekohtml\1.9.22\nekohtml-1.9.22.jar  C:\Users\ok.tyurin\.m2\repository\net\sourceforge\cssparser\cssparser\0.9.16\cssparser-0.9.16.jar  C:\Users\ok.tyurin\.m2\repository\org\w3c\css\sac\1.3\sac-1.3.jar  C:\Users\ok.tyurin\.m2\repository\commons-logging\commons-logging\1.2\commons-logging-1.2.jar  C:\Users\ok.tyurin\.m2\repository\org\eclipse\jetty\websocket\websocket-client\9.2.12.v20150709\websocket-client-9.2.12.v20150709.jar  C:\Users\ok.tyurin\.m2\repository\org\eclipse\jetty\jetty-util\9.2.12.v20150709\jetty-util-9.2.12.v20150709.jar  C:\Users\ok.tyurin\.m2\repository\org\eclipse\jetty\jetty-io\9.2.12.v20150709\jetty-io-9.2.12.v20150709.jar  C:\Users\ok.tyurin\.m2\repository\org\eclipse\jetty\websocket\websocket-common\9.2.12.v20150709\websocket-common-9.2.12.v20150709.jar  C:\Users\ok.tyurin\.m2\repository\org\eclipse\jetty\websocket\websocket-api\9.2.12.v20150709\websocket-api-9.2.12.v20150709.jar  C:\Users\ok.tyurin\.m2\repository\commons-collections\commons-collections\3.2.2\commons-collections-3.2.2.jar  C:\Users\ok.tyurin\.m2\repository\org\apache\httpcomponents\httpclient\4.5.1\httpclient-4.5.1.jar  C:\Users\ok.tyurin\.m2\repository\org\apache\httpcomponents\httpcore\4.4.3\httpcore-4.4.3.jar  C:\Users\ok.tyurin\.m2\repository\org\seleniumhq\selenium\selenium-firefox-driver\2.51.0\selenium-firefox-driver-2.51.0.jar  C:\Users\ok.tyurin\.m2\repository\org\seleniumhq\selenium\selenium-ie-driver\2.51.0\selenium-ie-driver-2.51.0.jar  C:\Users\ok.tyurin\.m2\repository\net\java\dev\jna\jna\4.1.0\jna-4.1.0.jar  C:\Users\ok.tyurin\.m2\repository\net\java\dev\jna\jna-platform\4.1.0\jna-platform-4.1.0.jar  C:\Users\ok.tyurin\.m2\repository\org\seleniumhq\selenium\selenium-safari-driver\2.51.0\selenium-safari-driver-2.51.0.jar  C:\Users\ok.tyurin\.m2\repository\org\seleniumhq\selenium\selenium-support\2.51.0\selenium-support-2.51.0.jar  C:\Users\ok.tyurin\.m2\repository\org\webbitserver\webbit\0.4.14\webbit-0.4.14.jar  C:\Users\ok.tyurin\.m2\repository\io\netty\netty\3.5.2.Final\netty-3.5.2.Final.jar  C:\Users\ok.tyurin\.m2\repository\org\seleniumhq\selenium\selenium-leg-rc\2.51.0\selenium-leg-rc-2.51.0.jar  C:\Users\ok.tyurin\.m2\repository\com\codeborne\phantomjsdriver\1.2.1\phantomjsdriver-1.2.1.jar  C:\Users\ok.tyurin\.m2\repository\org\seleniumhq\selenium\selenium-server\2.47.1\selenium-server-2.47.1.jar  C:\Users\ok.tyurin\.m2\repository\org\bouncycastle\bcprov-jdk15on\1.48\bcprov-jdk15on-1.48.jar  C:\Users\ok.tyurin\.m2\repository\org\bouncycastle\bcpkix-jdk15on\1.48\bcpkix-jdk15on-1.48.jar  C:\Users\ok.tyurin\.m2\repository\mx4j\mx4j-tools\3.0.1\mx4j-tools-3.0.1.jar  C:\Users\ok.tyurin\.m2\repository\org\mortbay\jetty\servlet-api-2.5\6.1.9\servlet-api-2.5-6.1.9.jar  C:\Users\ok.tyurin\.m2\repository\org\seleniumhq\selenium\jetty-repacked\7.6.1\jetty-repacked-7.6.1.jar  C:\Users\ok.tyurin\.m2\repository\org\seleniumhq\selenium\jetty-rc-repacked\5\jetty-rc-repacked-5.jar  C:\Users\ok.tyurin\.m2\repository\net\jcip\jcip-annotations\1.0\jcip-annotations-1.0.jar  C:\Users\ok.tyurin\.m2\repository\org\yaml\snakeyaml\1.8\snakeyaml-1.8.jar  C:\Users\ok.tyurin\.m2\repository\commons-codec\commons-codec\1.10\commons-codec-1.10.jar  C:\Users\ok.tyurin\.m2\repository\org\apache\maven\surefire\surefire-testng-utils\2.16\surefire-testng-utils-2.16.jar  C:\Users\ok.tyurin\.m2\repository\org\apache\maven\surefire\surefire-grouper\2.16\surefire-grouper-2.16.jar
[DEBUG] provider classpath:  C:\Users\ok.tyurin\.m2\repository\org\apache\maven\surefire\surefire-testng\2.16\surefire-testng-2.16.jar  C:\Users\ok.tyurin\.m2\repository\org\apache\maven\surefire\common-java5\2.16\common-java5-2.16.jar  C:\Users\ok.tyurin\.m2\repository\org\apache\maven\surefire\surefire-api\2.16\surefire-api-2.16.jar
[DEBUG] test(compact) classpath:  test-classes  classes  testng-6.9.4.jar  bsh-2.0b4.jar  jcommander-1.48.jar  junit-4.12.jar  hamcrest-core-1.3.jar  webdriver-factory-1.1.51.jar  selenium-java-2.51.0.jar  selenium-chrome-driver-2.51.0.jar  selenium-remote-driver-2.51.0.jar  cglib-nodep-2.1_3.jar  gson-2.3.1.jar  selenium-api-2.51.0.jar  guava-19.0.jar  selenium-edge-driver-2.51.0.jar  commons-io-2.4.jar  commons-exec-1.3.jar  selenium-htmlunit-driver-2.51.0.jar  htmlunit-2.18.jar  xalan-2.7.2.jar  serializer-2.7.2.jar  commons-lang3-3.4.jar  httpmime-4.5.jar  htmlunit-core-js-2.17.jar  xercesImpl-2.11.0.jar  xml-apis-1.4.01.jar  nekohtml-1.9.22.jar  cssparser-0.9.16.jar  sac-1.3.jar  commons-logging-1.2.jar  websocket-client-9.2.12.v20150709.jar  jetty-util-9.2.12.v20150709.jar  jetty-io-9.2.12.v20150709.jar  websocket-common-9.2.12.v20150709.jar  websocket-api-9.2.12.v20150709.jar  commons-collections-3.2.2.jar  httpclient-4.5.1.jar  httpcore-4.4.3.jar  selenium-firefox-driver-2.51.0.jar  selenium-ie-driver-2.51.0.jar  jna-4.1.0.jar  jna-platform-4.1.0.jar  selenium-safari-driver-2.51.0.jar  selenium-support-2.51.0.jar  webbit-0.4.14.jar  netty-3.5.2.Final.jar  selenium-leg-rc-2.51.0.jar  phantomjsdriver-1.2.1.jar  selenium-server-2.47.1.jar  bcprov-jdk15on-1.48.jar  bcpkix-jdk15on-1.48.jar  mx4j-tools-3.0.1.jar  servlet-api-2.5-6.1.9.jar  jetty-repacked-7.6.1.jar  jetty-rc-repacked-5.jar  jcip-annotations-1.0.jar  snakeyaml-1.8.jar  commons-codec-1.10.jar  surefire-testng-utils-2.16.jar  surefire-grouper-2.16.jar
[DEBUG] provider(compact) classpath:  surefire-testng-2.16.jar  common-java5-2.16.jar  surefire-api-2.16.jar

-------------------------------------------------------
 T E S T S
-------------------------------------------------------
[DEBUG] boot classpath:  C:\Users\ok.tyurin\.m2\repository\org\apache\maven\surefire\surefire-booter\2.16\surefire-booter-2.16.jar  C:\Users\ok.tyurin\.m2\repository\org\apache\maven\surefire\surefire-api\2.16\surefire-api-2.16.jar  C:\Selenium\tools\archetype\Se-Java-17-TyurinOK\target\test-classes  C:\Selenium\tools\archetype\Se-Java-17-TyurinOK\target\classes  C:\Users\ok.tyurin\.m2\repository\org\testng\testng\6.9.4\testng-6.9.4.jar  C:\Users\ok.tyurin\.m2\repository\org\beanshell\bsh\2.0b4\bsh-2.0b4.jar  C:\Users\ok.tyurin\.m2\repository\com\beust\jcommander\1.48\jcommander-1.48.jar  C:\Users\ok.tyurin\.m2\repository\junit\junit\4.12\junit-4.12.jar  C:\Users\ok.tyurin\.m2\repository\org\hamcrest\hamcrest-core\1.3\hamcrest-core-1.3.jar  C:\Users\ok.tyurin\.m2\repository\ru\stqa\selenium\webdriver-factory\1.1.51\webdriver-factory-1.1.51.jar  C:\Users\ok.tyurin\.m2\repository\org\seleniumhq\selenium\selenium-java\2.51.0\selenium-java-2.51.0.jar  C:\Users\ok.tyurin\.m2\repository\org\seleniumhq\selenium\selenium-chrome-driver\2.51.0\selenium-chrome-driver-2.51.0.jar  C:\Users\ok.tyurin\.m2\repository\org\seleniumhq\selenium\selenium-remote-driver\2.51.0\selenium-remote-driver-2.51.0.jar  C:\Users\ok.tyurin\.m2\repository\cglib\cglib-nodep\2.1_3\cglib-nodep-2.1_3.jar  C:\Users\ok.tyurin\.m2\repository\com\google\code\gson\gson\2.3.1\gson-2.3.1.jar  C:\Users\ok.tyurin\.m2\repository\org\seleniumhq\selenium\selenium-api\2.51.0\selenium-api-2.51.0.jar  C:\Users\ok.tyurin\.m2\repository\com\google\guava\guava\19.0\guava-19.0.jar  C:\Users\ok.tyurin\.m2\repository\org\seleniumhq\selenium\selenium-edge-driver\2.51.0\selenium-edge-driver-2.51.0.jar  C:\Users\ok.tyurin\.m2\repository\commons-io\commons-io\2.4\commons-io-2.4.jar  C:\Users\ok.tyurin\.m2\repository\org\apache\commons\commons-exec\1.3\commons-exec-1.3.jar  C:\Users\ok.tyurin\.m2\repository\org\seleniumhq\selenium\selenium-htmlunit-driver\2.51.0\selenium-htmlunit-driver-2.51.0.jar  C:\Users\ok.tyurin\.m2\repository\net\sourceforge\htmlunit\htmlunit\2.18\htmlunit-2.18.jar  C:\Users\ok.tyurin\.m2\repository\xalan\xalan\2.7.2\xalan-2.7.2.jar  C:\Users\ok.tyurin\.m2\repository\xalan\serializer\2.7.2\serializer-2.7.2.jar  C:\Users\ok.tyurin\.m2\repository\org\apache\commons\commons-lang3\3.4\commons-lang3-3.4.jar  C:\Users\ok.tyurin\.m2\repository\org\apache\httpcomponents\httpmime\4.5\httpmime-4.5.jar  C:\Users\ok.tyurin\.m2\repository\net\sourceforge\htmlunit\htmlunit-core-js\2.17\htmlunit-core-js-2.17.jar  C:\Users\ok.tyurin\.m2\repository\xerces\xercesImpl\2.11.0\xercesImpl-2.11.0.jar  C:\Users\ok.tyurin\.m2\repository\xml-apis\xml-apis\1.4.01\xml-apis-1.4.01.jar  C:\Users\ok.tyurin\.m2\repository\net\sourceforge\nekohtml\nekohtml\1.9.22\nekohtml-1.9.22.jar  C:\Users\ok.tyurin\.m2\repository\net\sourceforge\cssparser\cssparser\0.9.16\cssparser-0.9.16.jar  C:\Users\ok.tyurin\.m2\repository\org\w3c\css\sac\1.3\sac-1.3.jar  C:\Users\ok.tyurin\.m2\repository\commons-logging\commons-logging\1.2\commons-logging-1.2.jar  C:\Users\ok.tyurin\.m2\repository\org\eclipse\jetty\websocket\websocket-client\9.2.12.v20150709\websocket-client-9.2.12.v20150709.jar  C:\Users\ok.tyurin\.m2\repository\org\eclipse\jetty\jetty-util\9.2.12.v20150709\jetty-util-9.2.12.v20150709.jar  C:\Users\ok.tyurin\.m2\repository\org\eclipse\jetty\jetty-io\9.2.12.v20150709\jetty-io-9.2.12.v20150709.jar  C:\Users\ok.tyurin\.m2\repository\org\eclipse\jetty\websocket\websocket-common\9.2.12.v20150709\websocket-common-9.2.12.v20150709.jar  C:\Users\ok.tyurin\.m2\repository\org\eclipse\jetty\websocket\websocket-api\9.2.12.v20150709\websocket-api-9.2.12.v20150709.jar  C:\Users\ok.tyurin\.m2\repository\commons-collections\commons-collections\3.2.2\commons-collections-3.2.2.jar  C:\Users\ok.tyurin\.m2\repository\org\apache\httpcomponents\httpclient\4.5.1\httpclient-4.5.1.jar  C:\Users\ok.tyurin\.m2\repository\org\apache\httpcomponents\httpcore\4.4.3\httpcore-4.4.3.jar  C:\Users\ok.tyurin\.m2\repository\org\seleniumhq\selenium\selenium-firefox-driver\2.51.0\selenium-firefox-driver-2.51.0.jar  C:\Users\ok.tyurin\.m2\repository\org\seleniumhq\selenium\selenium-ie-driver\2.51.0\selenium-ie-driver-2.51.0.jar  C:\Users\ok.tyurin\.m2\repository\net\java\dev\jna\jna\4.1.0\jna-4.1.0.jar  C:\Users\ok.tyurin\.m2\repository\net\java\dev\jna\jna-platform\4.1.0\jna-platform-4.1.0.jar  C:\Users\ok.tyurin\.m2\repository\org\seleniumhq\selenium\selenium-safari-driver\2.51.0\selenium-safari-driver-2.51.0.jar  C:\Users\ok.tyurin\.m2\repository\org\seleniumhq\selenium\selenium-support\2.51.0\selenium-support-2.51.0.jar  C:\Users\ok.tyurin\.m2\repository\org\webbitserver\webbit\0.4.14\webbit-0.4.14.jar  C:\Users\ok.tyurin\.m2\repository\io\netty\netty\3.5.2.Final\netty-3.5.2.Final.jar  C:\Users\ok.tyurin\.m2\repository\org\seleniumhq\selenium\selenium-leg-rc\2.51.0\selenium-leg-rc-2.51.0.jar  C:\Users\ok.tyurin\.m2\repository\com\codeborne\phantomjsdriver\1.2.1\phantomjsdriver-1.2.1.jar  C:\Users\ok.tyurin\.m2\repository\org\seleniumhq\selenium\selenium-server\2.47.1\selenium-server-2.47.1.jar  C:\Users\ok.tyurin\.m2\repository\org\bouncycastle\bcprov-jdk15on\1.48\bcprov-jdk15on-1.48.jar  C:\Users\ok.tyurin\.m2\repository\org\bouncycastle\bcpkix-jdk15on\1.48\bcpkix-jdk15on-1.48.jar  C:\Users\ok.tyurin\.m2\repository\mx4j\mx4j-tools\3.0.1\mx4j-tools-3.0.1.jar  C:\Users\ok.tyurin\.m2\repository\org\mortbay\jetty\servlet-api-2.5\6.1.9\servlet-api-2.5-6.1.9.jar  C:\Users\ok.tyurin\.m2\repository\org\seleniumhq\selenium\jetty-repacked\7.6.1\jetty-repacked-7.6.1.jar  C:\Users\ok.tyurin\.m2\repository\org\seleniumhq\selenium\jetty-rc-repacked\5\jetty-rc-repacked-5.jar  C:\Users\ok.tyurin\.m2\repository\net\jcip\jcip-annotations\1.0\jcip-annotations-1.0.jar  C:\Users\ok.tyurin\.m2\repository\org\yaml\snakeyaml\1.8\snakeyaml-1.8.jar  C:\Users\ok.tyurin\.m2\repository\commons-codec\commons-codec\1.10\commons-codec-1.10.jar  C:\Users\ok.tyurin\.m2\repository\org\apache\maven\surefire\surefire-testng-utils\2.16\surefire-testng-utils-2.16.jar  C:\Users\ok.tyurin\.m2\repository\org\apache\maven\surefire\surefire-grouper\2.16\surefire-grouper-2.16.jar  C:\Users\ok.tyurin\.m2\repository\org\apache\maven\surefire\surefire-testng\2.16\surefire-testng-2.16.jar  C:\Users\ok.tyurin\.m2\repository\org\apache\maven\surefire\common-java5\2.16\common-java5-2.16.jar
[DEBUG] boot(compact) classpath:  surefire-booter-2.16.jar  surefire-api-2.16.jar  test-classes  classes  testng-6.9.4.jar  bsh-2.0b4.jar  jcommander-1.48.jar  junit-4.12.jar  hamcrest-core-1.3.jar  webdriver-factory-1.1.51.jar  selenium-java-2.51.0.jar  selenium-chrome-driver-2.51.0.jar  selenium-remote-driver-2.51.0.jar  cglib-nodep-2.1_3.jar  gson-2.3.1.jar  selenium-api-2.51.0.jar  guava-19.0.jar  selenium-edge-driver-2.51.0.jar  commons-io-2.4.jar  commons-exec-1.3.jar  selenium-htmlunit-driver-2.51.0.jar  htmlunit-2.18.jar  xalan-2.7.2.jar  serializer-2.7.2.jar  commons-lang3-3.4.jar  httpmime-4.5.jar  htmlunit-core-js-2.17.jar  xercesImpl-2.11.0.jar  xml-apis-1.4.01.jar  nekohtml-1.9.22.jar  cssparser-0.9.16.jar  sac-1.3.jar  commons-logging-1.2.jar  websocket-client-9.2.12.v20150709.jar  jetty-util-9.2.12.v20150709.jar  jetty-io-9.2.12.v20150709.jar  websocket-common-9.2.12.v20150709.jar  websocket-api-9.2.12.v20150709.jar  commons-collections-3.2.2.jar  httpclient-4.5.1.jar  httpcore-4.4.3.jar  selenium-firefox-driver-2.51.0.jar  selenium-ie-driver-2.51.0.jar  jna-4.1.0.jar  jna-platform-4.1.0.jar  selenium-safari-driver-2.51.0.jar  selenium-support-2.51.0.jar  webbit-0.4.14.jar  netty-3.5.2.Final.jar  selenium-leg-rc-2.51.0.jar  phantomjsdriver-1.2.1.jar  selenium-server-2.47.1.jar  bcprov-jdk15on-1.48.jar  bcpkix-jdk15on-1.48.jar  mx4j-tools-3.0.1.jar  servlet-api-2.5-6.1.9.jar  jetty-repacked-7.6.1.jar  jetty-rc-repacked-5.jar  jcip-annotations-1.0.jar  snakeyaml-1.8.jar  commons-codec-1.10.jar  surefire-testng-utils-2.16.jar  surefire-grouper-2.16.jar  surefire-testng-2.16.jar  common-java5-2.16.jar
Forking command line: cmd.exe /X /C ""C:\Program Files\Java\jdk1.8.0_60\jre\bin\java" -jar C:\Selenium\tools\archetype\Se-Java-17-TyurinOK\target\surefire\surefirebooter2194696299466242225.jar C:\Selenium\tools\archetype\Se-Java-17-TyurinOK\target\surefire\surefire4998289701184437932tmp C:\Selenium\tools\archetype\Se-Java-17-TyurinOK\target\surefire\surefire_06880258934355265727tmp"
Running TestSuite
...
... TestNG 6.9.4 by C?dric Beust (cedric@beust.com)
...

 12, 2016 12:01:34 AM org.openqa.selenium.remote.server.DefaultDriverProvider getDriverClass
INFO: Driver class not found: com.opera.core.systems.OperaDriver
 12, 2016 12:01:34 AM org.openqa.selenium.remote.server.DefaultDriverFactory registerDriverProvider
INFO: Driver provider com.opera.core.systems.OperaDriver is not registered
Tests run: 2, Failures: 1, Errors: 0, Skipped: 1, Time elapsed: 1.595 sec <<< FAILURE! - in TestSuite
init(ru.st.selenium.LoginTest)  Time elapsed: 1.392 sec  <<< FAILURE!
org.openqa.selenium.UnsupportedCommandException: <?xml version="1.0" encoding="UTF-8"?>
<!DOCTYPE html PUBLIC "-//W3C//DTD XHTML 1.0 Strict//EN"
  "http://www.w3.org/TR/xhtml1/DTD/xhtml1-strict.dtd">
<html xmlns="http://www.w3.org/1999/xhtml" lang="en" xml:lang="en">
<head>
<title>Object not found!</title>
<link rev="made" href="mailto:postmaster@localhost" />
<style type="text/css"><!--/*--><![CDATA[/*><!--*/
    body { color: #000000; background-color: #FFFFFF; }
    a:link { color: #0000CC; }
    p, address {margin-left: 3em;}
    span {font-size: smaller;}
/*]]>*/--></style>
</head>

<body>
<h1>Object not found!</h1>
<p>


    The requested URL was not found on this server.



    If you entered the URL manually please check your
    spelling and try again.



</p>
<p>
If you think this is a server error, please contact
the <a href="mailto:postmaster@localhost">webmaster</a>.

</p>

<h2>Error 404</h2>
<address>
  <a href="/">192.168.1.43</a><br />
  <span>Apache/2.4.17 (Win32) OpenSSL/1.0.2d PHP/5.6.15</span>
</address>
</body>
</html>
Command duration or timeout: 234 milliseconds
Build info: version: '2.51.0', revision: '1af067dbcaedd7d2ab9af5151fc471d363d97193', time: '2016-02-05 11:20:57'
System info: host: 'NB-OKTYURIN', ip: '192.168.1.43', os.name: 'Windows 10', os.arch: 'amd64', os.version: '10.0', java.version: '1.8.0_60'
Driver info: org.openqa.selenium.remote.RemoteWebDriver
        at sun.reflect.NativeConstructorAccessorImpl.newInstance0(Native Method)
        at sun.reflect.NativeConstructorAccessorImpl.newInstance(NativeConstructorAccessorImpl.java:62)
        at sun.reflect.DelegatingConstructorAccessorImpl.newInstance(DelegatingConstructorAccessorImpl.java:45)
        at java.lang.reflect.Constructor.newInstance(Constructor.java:422)
        at org.openqa.selenium.remote.ErrorHandler.createThrowable(ErrorHandler.java:206)
        at org.openqa.selenium.remote.ErrorHandler.throwIfResponseFailed(ErrorHandler.java:158)
        at org.openqa.selenium.remote.RemoteWebDriver.execute(RemoteWebDriver.java:678)
        at org.openqa.selenium.remote.RemoteWebDriver.startSession(RemoteWebDriver.java:249)
        at org.openqa.selenium.remote.RemoteWebDriver.<init>(RemoteWebDriver.java:131)
        at org.openqa.selenium.remote.RemoteWebDriver.<init>(RemoteWebDriver.java:158)
        at ru.stqa.selenium.factory.RemoteDriverProvider$Default.createDriver(RemoteDriverProvider.java:40)
        at ru.stqa.selenium.factory.WebDriverFactoryInternal.createRemoteDriver(WebDriverFactoryInternal.java:107)
        at ru.stqa.selenium.factory.WebDriverFactoryInternal.newDriver(WebDriverFactoryInternal.java:102)
        at ru.stqa.selenium.factory.ThreadLocalSingletonStorage.createNewDriver(ThreadLocalSingletonStorage.java:94)
        at ru.stqa.selenium.factory.ThreadLocalSingletonStorage.getDriver(ThreadLocalSingletonStorage.java:37)
        at ru.stqa.selenium.factory.WebDriverFactory.getDriver(WebDriverFactory.java:44)
        at ru.st.selenium.TestBase.init(TestBase.java:40)
        at sun.reflect.NativeMethodAccessorImpl.invoke0(Native Method)
        at sun.reflect.NativeMethodAccessorImpl.invoke(NativeMethodAccessorImpl.java:62)
        at sun.reflect.DelegatingMethodAccessorImpl.invoke(DelegatingMethodAccessorImpl.java:43)
        at java.lang.reflect.Method.invoke(Method.java:497)
        at org.testng.internal.MethodInvocationHelper.invokeMethod(MethodInvocationHelper.java:85)
        at org.testng.internal.Invoker.invokeConfigurationMethod(Invoker.java:517)
        at org.testng.internal.Invoker.invokeConfigurations(Invoker.java:213)
        at org.testng.internal.Invoker.invokeConfigurations(Invoker.java:140)
        at org.testng.internal.TestMethodWorker.invokeBeforeClassMethods(TestMethodWorker.java:170)
        at org.testng.internal.TestMethodWorker.run(TestMethodWorker.java:104)
        at org.testng.TestRunner.privateRun(TestRunner.java:771)
        at org.testng.TestRunner.run(TestRunner.java:621)
        at org.testng.SuiteRunner.runTest(SuiteRunner.java:357)
        at org.testng.SuiteRunner.runSequentially(SuiteRunner.java:352)
        at org.testng.SuiteRunner.privateRun(SuiteRunner.java:310)
        at org.testng.SuiteRunner.run(SuiteRunner.java:259)
        at org.testng.SuiteRunnerWorker.runSuite(SuiteRunnerWorker.java:52)
        at org.testng.SuiteRunnerWorker.run(SuiteRunnerWorker.java:86)
        at org.testng.TestNG.runSuitesSequentially(TestNG.java:1199)
        at org.testng.TestNG.runSuitesLocally(TestNG.java:1124)
        at org.testng.TestNG.run(TestNG.java:1032)
        at org.apache.maven.surefire.testng.TestNGExecutor.run(TestNGExecutor.java:217)
        at org.apache.maven.surefire.testng.TestNGXmlTestSuite.execute(TestNGXmlTestSuite.java:84)
        at org.apache.maven.surefire.testng.TestNGProvider.invoke(TestNGProvider.java:92)
        at org.apache.maven.surefire.booter.ForkedBooter.invokeProviderInSameClassLoader(ForkedBooter.java:200)
        at org.apache.maven.surefire.booter.ForkedBooter.runSuitesInProcess(ForkedBooter.java:153)
        at org.apache.maven.surefire.booter.ForkedBooter.main(ForkedBooter.java:103)


Results :

Failed tests:
  LoginTest>TestBase.init:40 ? UnsupportedCommand <?xml version="1.0" encoding="...

Tests run: 2, Failures: 1, Errors: 0, Skipped: 1

[INFO] ------------------------------------------------------------------------
[INFO] BUILD FAILURE
[INFO] ------------------------------------------------------------------------
[INFO] Total time: 11.632 s
[INFO] Finished at: 2016-02-12T00:01:35+03:00
[INFO] Final Memory: 13M/173M
[INFO] ------------------------------------------------------------------------
[ERROR] Failed to execute goal org.apache.maven.plugins:maven-surefire-plugin:2.16:test (default-test) on project java.selenium.training: There are test failures.
[ERROR]
[ERROR] Please refer to C:\Selenium\tools\archetype\Se-Java-17-TyurinOK\target\surefire-reports for the individual test results.
[ERROR] -> [Help 1]
org.apache.maven.lifecycle.LifecycleExecutionException: Failed to execute goal org.apache.maven.plugins:maven-surefire-plugin:2.16:test (default-test) on project java.selenium.training: There are test failures.

Please refer to C:\Selenium\tools\archetype\Se-Java-17-TyurinOK\target\surefire-reports for the individual test results.
        at org.apache.maven.lifecycle.internal.MojoExecutor.execute(MojoExecutor.java:212)
        at org.apache.maven.lifecycle.internal.MojoExecutor.execute(MojoExecutor.java:153)
        at org.apache.maven.lifecycle.internal.MojoExecutor.execute(MojoExecutor.java:145)
        at org.apache.maven.lifecycle.internal.LifecycleModuleBuilder.buildProject(LifecycleModuleBuilder.java:116)
        at org.apache.maven.lifecycle.internal.LifecycleModuleBuilder.buildProject(LifecycleModuleBuilder.java:80)
        at org.apache.maven.lifecycle.internal.builder.singlethreaded.SingleThreadedBuilder.build(SingleThreadedBuilder.java:51)
        at org.apache.maven.lifecycle.internal.LifecycleStarter.execute(LifecycleStarter.java:128)
        at org.apache.maven.DefaultMaven.doExecute(DefaultMaven.java:307)
        at org.apache.maven.DefaultMaven.doExecute(DefaultMaven.java:193)
        at org.apache.maven.DefaultMaven.execute(DefaultMaven.java:106)
        at org.apache.maven.cli.MavenCli.execute(MavenCli.java:863)
        at org.apache.maven.cli.MavenCli.doMain(MavenCli.java:288)
        at org.apache.maven.cli.MavenCli.main(MavenCli.java:199)
        at sun.reflect.NativeMethodAccessorImpl.invoke0(Native Method)
        at sun.reflect.NativeMethodAccessorImpl.invoke(NativeMethodAccessorImpl.java:62)
        at sun.reflect.DelegatingMethodAccessorImpl.invoke(DelegatingMethodAccessorImpl.java:43)
        at java.lang.reflect.Method.invoke(Method.java:497)
        at org.codehaus.plexus.classworlds.launcher.Launcher.launchEnhanced(Launcher.java:289)
        at org.codehaus.plexus.classworlds.launcher.Launcher.launch(Launcher.java:229)
        at org.codehaus.plexus.classworlds.launcher.Launcher.mainWithExitCode(Launcher.java:415)
        at org.codehaus.plexus.classworlds.launcher.Launcher.main(Launcher.java:356)
Caused by: org.apache.maven.plugin.MojoFailureException: There are test failures.

Please refer to C:\Selenium\tools\archetype\Se-Java-17-TyurinOK\target\surefire-reports for the individual test results.
        at org.apache.maven.plugin.surefire.SurefireHelper.reportExecution(SurefireHelper.java:82)
        at org.apache.maven.plugin.surefire.SurefirePlugin.handleSummary(SurefirePlugin.java:190)
        at org.apache.maven.plugin.surefire.AbstractSurefireMojo.executeAfterPreconditionsChecked(AbstractSurefireMojo.java:852)
        at org.apache.maven.plugin.surefire.AbstractSurefireMojo.execute(AbstractSurefireMojo.java:720)
        at org.apache.maven.plugin.DefaultBuildPluginManager.executeMojo(DefaultBuildPluginManager.java:134)
        at org.apache.maven.lifecycle.internal.MojoExecutor.execute(MojoExecutor.java:207)
        ... 20 more
[ERROR]
[ERROR]
[ERROR] For more information about the errors and possible solutions, please read the following articles:
[ERROR] [Help 1] http://cwiki.apache.org/confluence/display/MAVEN/MojoFailureException

C:\Selenium\tools\archetype\Se-Java-17-TyurinOK>