<?xml version="1.0" encoding="UTF-8"?>
<testng-results skipped="0" failed="0" total="1" passed="1">
  <reporter-output>
  </reporter-output>
  <suite name="Default suite" duration-ms="20722" started-at="2016-02-11T20:40:31Z" finished-at="2016-02-11T20:40:52Z">
    <groups>
    </groups>
    <test name="Default test" duration-ms="20722" started-at="2016-02-11T20:40:31Z" finished-at="2016-02-11T20:40:52Z">
      <class name="ru.st.selenium.LoginTest">
        <test-method status="PASS" signature="init()[pri:0, instance:ru.st.selenium.LoginTest@1d251891]" name="init" is-config="true" duration-ms="13410" started-at="2016-02-11T23:40:31Z" finished-at="2016-02-11T23:40:45Z">
          <reporter-output>
          </reporter-output>
        </test-method> <!-- init -->
        <test-method status="PASS" signature="testUntitled()[pri:0, instance:ru.st.selenium.LoginTest@1d251891]" name="testUntitled" duration-ms="7290" started-at="2016-02-11T23:40:45Z" finished-at="2016-02-11T23:40:52Z">
          <reporter-output>
          </reporter-output>
        </test-method> <!-- testUntitled -->
        <test-method status="PASS" signature="tearDown()[pri:0, instance:ru.st.selenium.LoginTest@1d251891]" name="tearDown" is-config="true" duration-ms="2063" started-at="2016-02-11T23:40:52Z" finished-at="2016-02-11T23:40:54Z">
          <reporter-output>
          </reporter-output>
        </test-method> <!-- tearDown -->
      </class> <!-- ru.st.selenium.LoginTest -->
    </test> <!-- Default test -->
  </suite> <!-- Default suite -->
</testng-results>
